{"C:\\Users\\Windows\\marketplace\\server\\src\\server.ts": {"path":"C:\\Users\\Windows\\marketplace\\server\\src\\server.ts","statementMap":{"0":{"start":{"line":1,"column":0},"end":{"line":1,"column":30}},"1":{"start":{"line":2,"column":0},"end":{"line":2,"column":28}},"2":{"start":{"line":3,"column":0},"end":{"line":3,"column":24}},"3":{"start":{"line":4,"column":0},"end":{"line":4,"column":28}},"4":{"start":{"line":5,"column":0},"end":{"line":5,"column":43}},"5":{"start":{"line":6,"column":0},"end":{"line":6,"column":28}},"6":{"start":{"line":7,"column":0},"end":{"line":7,"column":38}},"7":{"start":{"line":8,"column":0},"end":{"line":8,"column":24}},"8":{"start":{"line":9,"column":0},"end":{"line":9,"column":43}},"9":{"start":{"line":10,"column":0},"end":{"line":10,"column":35}},"10":{"start":{"line":11,"column":0},"end":{"line":11,"column":51}},"11":{"start":{"line":12,"column":0},"end":{"line":12,"column":47}},"12":{"start":{"line":13,"column":0},"end":{"line":13,"column":53}},"13":{"start":{"line":14,"column":0},"end":{"line":14,"column":45}},"14":{"start":{"line":15,"column":0},"end":{"line":15,"column":45}},"15":{"start":{"line":16,"column":0},"end":{"line":16,"column":49}},"16":{"start":{"line":17,"column":0},"end":{"line":17,"column":53}},"17":{"start":{"line":18,"column":0},"end":{"line":18,"column":47}},"18":{"start":{"line":19,"column":0},"end":{"line":19,"column":47}},"19":{"start":{"line":20,"column":0},"end":{"line":20,"column":49}},"20":{"start":{"line":21,"column":0},"end":{"line":21,"column":53}},"21":{"start":{"line":22,"column":0},"end":{"line":22,"column":63}},"22":{"start":{"line":23,"column":0},"end":{"line":23,"column":81}},"23":{"start":{"line":24,"column":0},"end":{"line":24,"column":16}},"24":{"start":{"line":26,"column":12},"end":{"line":26,"column":21}},"25":{"start":{"line":27,"column":15},"end":{"line":27,"column":37}},"26":{"start":{"line":30,"column":11},"end":{"line":35,"column":2}},"27":{"start":{"line":38,"column":26},"end":{"line":42,"column":2}},"28":{"start":{"line":43,"column":0},"end":{"line":43,"column":27}},"29":{"start":{"line":46,"column":0},"end":{"line":49,"column":4}},"30":{"start":{"line":50,"column":0},"end":{"line":50,"column":24}},"31":{"start":{"line":51,"column":0},"end":{"line":51,"column":23}},"32":{"start":{"line":52,"column":0},"end":{"line":54,"column":4}},"33":{"start":{"line":55,"column":0},"end":{"line":55,"column":23}},"34":{"start":{"line":58,"column":0},"end":{"line":58,"column":40}},"35":{"start":{"line":59,"column":0},"end":{"line":59,"column":36}},"36":{"start":{"line":60,"column":0},"end":{"line":60,"column":43}},"37":{"start":{"line":61,"column":0},"end":{"line":61,"column":29}},"38":{"start":{"line":62,"column":0},"end":{"line":62,"column":33}},"39":{"start":{"line":63,"column":0},"end":{"line":63,"column":38}},"40":{"start":{"line":64,"column":0},"end":{"line":64,"column":42}},"41":{"start":{"line":65,"column":0},"end":{"line":65,"column":35}},"42":{"start":{"line":66,"column":0},"end":{"line":66,"column":36}},"43":{"start":{"line":67,"column":0},"end":{"line":67,"column":38}},"44":{"start":{"line":68,"column":0},"end":{"line":68,"column":41}},"45":{"start":{"line":69,"column":0},"end":{"line":69,"column":57}},"46":{"start":{"line":70,"column":0},"end":{"line":70,"column":52}},"47":{"start":{"line":71,"column":0},"end":{"line":71,"column":55}},"48":{"start":{"line":74,"column":0},"end":{"line":76,"column":3}},"49":{"start":{"line":75,"column":2},"end":{"line":75,"column":57}},"50":{"start":{"line":79,"column":0},"end":{"line":91,"column":3}},"51":{"start":{"line":80,"column":2},"end":{"line":80,"column":27}},"52":{"start":{"line":81,"column":2},"end":{"line":83,"column":3}},"53":{"start":{"line":82,"column":4},"end":{"line":82,"column":85}},"54":{"start":{"line":84,"column":2},"end":{"line":86,"column":3}},"55":{"start":{"line":85,"column":4},"end":{"line":85,"column":68}},"56":{"start":{"line":87,"column":2},"end":{"line":89,"column":3}},"57":{"start":{"line":88,"column":4},"end":{"line":88,"column":77}},"58":{"start":{"line":90,"column":2},"end":{"line":90,"column":81}},"59":{"start":{"line":94,"column":0},"end":{"line":112,"column":3}},"60":{"start":{"line":95,"column":2},"end":{"line":95,"column":50}},"61":{"start":{"line":97,"column":2},"end":{"line":102,"column":5}},"62":{"start":{"line":98,"column":32},"end":{"line":98,"column":36}},"63":{"start":{"line":99,"column":4},"end":{"line":99,"column":58}},"64":{"start":{"line":101,"column":4},"end":{"line":101,"column":47}},"65":{"start":{"line":104,"column":2},"end":{"line":107,"column":5}},"66":{"start":{"line":105,"column":33},"end":{"line":105,"column":37}},"67":{"start":{"line":106,"column":4},"end":{"line":106,"column":58}},"68":{"start":{"line":109,"column":2},"end":{"line":111,"column":5}},"69":{"start":{"line":110,"column":4},"end":{"line":110,"column":51}},"70":{"start":{"line":115,"column":0},"end":{"line":123,"column":3}},"71":{"start":{"line":115,"column":32},"end":{"line":123,"column":2}},"72":{"start":{"line":116,"column":2},"end":{"line":116,"column":45}},"73":{"start":{"line":117,"column":2},"end":{"line":117,"column":29}},"74":{"start":{"line":118,"column":2},"end":{"line":118,"column":13}},"75":{"start":{"line":119,"column":2},"end":{"line":122,"column":5}},"76":{"start":{"line":120,"column":4},"end":{"line":120,"column":34}},"77":{"start":{"line":121,"column":4},"end":{"line":121,"column":20}},"78":{"start":{"line":125,"column":0},"end":{"line":133,"column":3}},"79":{"start":{"line":125,"column":33},"end":{"line":133,"column":2}},"80":{"start":{"line":126,"column":2},"end":{"line":126,"column":45}},"81":{"start":{"line":127,"column":2},"end":{"line":127,"column":29}},"82":{"start":{"line":128,"column":2},"end":{"line":128,"column":13}},"83":{"start":{"line":129,"column":2},"end":{"line":132,"column":5}},"84":{"start":{"line":130,"column":4},"end":{"line":130,"column":34}},"85":{"start":{"line":131,"column":4},"end":{"line":131,"column":20}},"86":{"start":{"line":136,"column":0},"end":{"line":139,"column":3}},"87":{"start":{"line":137,"column":2},"end":{"line":137,"column":71}},"88":{"start":{"line":138,"column":2},"end":{"line":138,"column":18}},"89":{"start":{"line":141,"column":0},"end":{"line":144,"column":3}},"90":{"start":{"line":142,"column":2},"end":{"line":142,"column":44}},"91":{"start":{"line":143,"column":2},"end":{"line":143,"column":18}},"92":{"start":{"line":147,"column":0},"end":{"line":149,"column":3}},"93":{"start":{"line":148,"column":2},"end":{"line":148,"column":71}},"94":{"start":{"line":151,"column":0},"end":{"line":151,"column":22}}},"fnMap":{"0":{"name":"(anonymous_8)","decl":{"start":{"line":74,"column":19},"end":{"line":74,"column":20}},"loc":{"start":{"line":74,"column":30},"end":{"line":76,"column":1}}},"1":{"name":"(anonymous_9)","decl":{"start":{"line":79,"column":8},"end":{"line":79,"column":9}},"loc":{"start":{"line":79,"column":64},"end":{"line":91,"column":1}}},"2":{"name":"(anonymous_10)","decl":{"start":{"line":94,"column":20},"end":{"line":94,"column":21}},"loc":{"start":{"line":94,"column":31},"end":{"line":112,"column":1}}},"3":{"name":"(anonymous_11)","decl":{"start":{"line":97,"column":27},"end":{"line":97,"column":28}},"loc":{"start":{"line":97,"column":36},"end":{"line":102,"column":3}}},"4":{"name":"(anonymous_12)","decl":{"start":{"line":104,"column":22},"end":{"line":104,"column":23}},"loc":{"start":{"line":104,"column":31},"end":{"line":107,"column":3}}},"5":{"name":"(anonymous_13)","decl":{"start":{"line":109,"column":26},"end":{"line":109,"column":29}},"loc":{"start":{"line":109,"column":31},"end":{"line":111,"column":3}}},"6":{"name":"(anonymous_14)","decl":{"start":{"line":115,"column":21},"end":{"line":115,"column":30}},"loc":{"start":{"line":115,"column":32},"end":{"line":123,"column":2}}},"7":{"name":"(anonymous_15)","decl":{"start":{"line":115,"column":32},"end":{"line":115,"column":null}},"loc":{"start":{"line":115,"column":32},"end":{"line":123,"column":1}}},"8":{"name":"(anonymous_16)","decl":{"start":{"line":119,"column":15},"end":{"line":119,"column":18}},"loc":{"start":{"line":119,"column":20},"end":{"line":122,"column":3}}},"9":{"name":"(anonymous_17)","decl":{"start":{"line":125,"column":22},"end":{"line":125,"column":31}},"loc":{"start":{"line":125,"column":33},"end":{"line":133,"column":2}}},"10":{"name":"(anonymous_18)","decl":{"start":{"line":125,"column":33},"end":{"line":125,"column":null}},"loc":{"start":{"line":125,"column":33},"end":{"line":133,"column":1}}},"11":{"name":"(anonymous_19)","decl":{"start":{"line":129,"column":15},"end":{"line":129,"column":18}},"loc":{"start":{"line":129,"column":20},"end":{"line":132,"column":3}}},"12":{"name":"(anonymous_20)","decl":{"start":{"line":136,"column":33},"end":{"line":136,"column":34}},"loc":{"start":{"line":136,"column":53},"end":{"line":139,"column":1}}},"13":{"name":"(anonymous_21)","decl":{"start":{"line":141,"column":32},"end":{"line":141,"column":33}},"loc":{"start":{"line":141,"column":40},"end":{"line":144,"column":1}}},"14":{"name":"(anonymous_22)","decl":{"start":{"line":147,"column":40},"end":{"line":147,"column":43}},"loc":{"start":{"line":147,"column":45},"end":{"line":149,"column":1}}}},"branchMap":{"0":{"loc":{"start":{"line":32,"column":12},"end":{"line":32,"column":61}},"type":"binary-expr","locations":[{"start":{"line":32,"column":12},"end":{"line":32,"column":34}},{"start":{"line":32,"column":38},"end":{"line":32,"column":61}}]},"1":{"loc":{"start":{"line":47,"column":10},"end":{"line":47,"column":59}},"type":"binary-expr","locations":[{"start":{"line":47,"column":10},"end":{"line":47,"column":32}},{"start":{"line":47,"column":36},"end":{"line":47,"column":59}}]},"2":{"loc":{"start":{"line":81,"column":2},"end":{"line":83,"column":3}},"type":"if","locations":[{"start":{"line":81,"column":2},"end":{"line":83,"column":3}}]},"3":{"loc":{"start":{"line":84,"column":2},"end":{"line":86,"column":3}},"type":"if","locations":[{"start":{"line":84,"column":2},"end":{"line":86,"column":3}}]},"4":{"loc":{"start":{"line":87,"column":2},"end":{"line":89,"column":3}},"type":"if","locations":[{"start":{"line":87,"column":2},"end":{"line":89,"column":3}}]},"5":{"loc":{"start":{"line":147,"column":14},"end":{"line":147,"column":38}},"type":"binary-expr","locations":[{"start":{"line":147,"column":14},"end":{"line":147,"column":30}},{"start":{"line":147,"column":34},"end":{"line":147,"column":38}}]},"6":{"loc":{"start":{"line":148,"column":43},"end":{"line":148,"column":67}},"type":"binary-expr","locations":[{"start":{"line":148,"column":43},"end":{"line":148,"column":59}},{"start":{"line":148,"column":63},"end":{"line":148,"column":67}}]}},"s":{"0":2,"1":2,"2":2,"3":2,"4":2,"5":2,"6":2,"7":2,"8":2,"9":2,"10":2,"11":2,"12":2,"13":2,"14":2,"15":2,"16":2,"17":2,"18":2,"19":2,"20":2,"21":2,"22":2,"23":2,"24":2,"25":2,"26":2,"27":2,"28":2,"29":2,"30":2,"31":2,"32":2,"33":2,"34":2,"35":2,"36":2,"37":2,"38":2,"39":2,"40":2,"41":2,"42":2,"43":2,"44":2,"45":2,"46":2,"47":2,"48":2,"49":0,"50":2,"51":5,"52":5,"53":0,"54":5,"55":0,"56":5,"57":0,"58":5,"59":2,"60":0,"61":0,"62":0,"63":0,"64":0,"65":0,"66":0,"67":0,"68":0,"69":0,"70":2,"71":0,"72":0,"73":0,"74":0,"75":0,"76":0,"77":0,"78":2,"79":0,"80":0,"81":0,"82":0,"83":0,"84":0,"85":0,"86":2,"87":0,"88":0,"89":2,"90":0,"91":0,"92":2,"93":2,"94":2},"f":{"0":0,"1":5,"2":0,"3":0,"4":0,"5":0,"6":0,"7":0,"8":0,"9":0,"10":0,"11":0,"12":0,"13":0,"14":2},"b":{"0":[2,2],"1":[2,2],"2":[0],"3":[0],"4":[0],"5":[2,0],"6":[2,0]}}
,"C:\\Users\\Windows\\marketplace\\server\\src\\controllers\\adminController.ts": {"path":"C:\\Users\\Windows\\marketplace\\server\\src\\controllers\\adminController.ts","statementMap":{"0":{"start":{"line":2,"column":0},"end":{"line":2,"column":46}},"1":{"start":{"line":4,"column":15},"end":{"line":4,"column":33}},"2":{"start":{"line":7,"column":27},"end":{"line":15,"column":2}},"3":{"start":{"line":7,"column":65},"end":{"line":15,"column":2}},"4":{"start":{"line":8,"column":2},"end":{"line":14,"column":3}},"5":{"start":{"line":9,"column":18},"end":{"line":9,"column":46}},"6":{"start":{"line":10,"column":4},"end":{"line":10,"column":57}},"7":{"start":{"line":12,"column":4},"end":{"line":12,"column":25}},"8":{"start":{"line":13,"column":4},"end":{"line":13,"column":62}},"9":{"start":{"line":7,"column":13},"end":{"line":7,"column":27}},"10":{"start":{"line":18,"column":28},"end":{"line":26,"column":2}},"11":{"start":{"line":18,"column":66},"end":{"line":26,"column":2}},"12":{"start":{"line":19,"column":2},"end":{"line":25,"column":3}},"13":{"start":{"line":20,"column":19},"end":{"line":20,"column":48}},"14":{"start":{"line":21,"column":4},"end":{"line":21,"column":58}},"15":{"start":{"line":23,"column":4},"end":{"line":23,"column":25}},"16":{"start":{"line":24,"column":4},"end":{"line":24,"column":63}},"17":{"start":{"line":18,"column":13},"end":{"line":18,"column":28}},"18":{"start":{"line":29,"column":33},"end":{"line":47,"column":2}},"19":{"start":{"line":29,"column":71},"end":{"line":47,"column":2}},"20":{"start":{"line":30,"column":40},"end":{"line":30,"column":48}},"21":{"start":{"line":32,"column":2},"end":{"line":46,"column":3}},"22":{"start":{"line":33,"column":24},"end":{"line":36,"column":6}},"23":{"start":{"line":38,"column":4},"end":{"line":42,"column":7}},"24":{"start":{"line":44,"column":4},"end":{"line":44,"column":25}},"25":{"start":{"line":45,"column":4},"end":{"line":45,"column":69}},"26":{"start":{"line":29,"column":13},"end":{"line":29,"column":33}}},"fnMap":{"0":{"name":"(anonymous_7)","decl":{"start":{"line":7,"column":27},"end":{"line":7,"column":34}},"loc":{"start":{"line":7,"column":65},"end":{"line":15,"column":2}}},"1":{"name":"(anonymous_8)","decl":{"start":{"line":7,"column":65},"end":{"line":7,"column":null}},"loc":{"start":{"line":7,"column":65},"end":{"line":15,"column":1}}},"2":{"name":"(anonymous_9)","decl":{"start":{"line":18,"column":28},"end":{"line":18,"column":35}},"loc":{"start":{"line":18,"column":66},"end":{"line":26,"column":2}}},"3":{"name":"(anonymous_10)","decl":{"start":{"line":18,"column":66},"end":{"line":18,"column":null}},"loc":{"start":{"line":18,"column":66},"end":{"line":26,"column":1}}},"4":{"name":"(anonymous_11)","decl":{"start":{"line":29,"column":33},"end":{"line":29,"column":40}},"loc":{"start":{"line":29,"column":71},"end":{"line":47,"column":2}}},"5":{"name":"(anonymous_12)","decl":{"start":{"line":29,"column":71},"end":{"line":29,"column":null}},"loc":{"start":{"line":29,"column":71},"end":{"line":47,"column":1}}}},"branchMap":{},"s":{"0":2,"1":2,"2":2,"3":0,"4":0,"5":0,"6":0,"7":0,"8":0,"9":2,"10":2,"11":0,"12":0,"13":0,"14":0,"15":0,"16":0,"17":2,"18":2,"19":0,"20":0,"21":0,"22":0,"23":0,"24":0,"25":0,"26":2},"f":{"0":0,"1":0,"2":0,"3":0,"4":0,"5":0},"b":{}}
,"C:\\Users\\Windows\\marketplace\\server\\src\\controllers\\categoryController.ts": {"path":"C:\\Users\\Windows\\marketplace\\server\\src\\controllers\\categoryController.ts","statementMap":{"0":{"start":{"line":2,"column":0},"end":{"line":2,"column":44}},"1":{"start":{"line":4,"column":32},"end":{"line":12,"column":2}},"2":{"start":{"line":4,"column":70},"end":{"line":12,"column":2}},"3":{"start":{"line":5,"column":2},"end":{"line":11,"column":3}},"4":{"start":{"line":6,"column":23},"end":{"line":6,"column":55}},"5":{"start":{"line":7,"column":4},"end":{"line":7,"column":25}},"6":{"start":{"line":9,"column":4},"end":{"line":9,"column":25}},"7":{"start":{"line":10,"column":4},"end":{"line":10,"column":67}},"8":{"start":{"line":4,"column":13},"end":{"line":4,"column":32}}},"fnMap":{"0":{"name":"(anonymous_8)","decl":{"start":{"line":4,"column":32},"end":{"line":4,"column":39}},"loc":{"start":{"line":4,"column":70},"end":{"line":12,"column":2}}},"1":{"name":"(anonymous_9)","decl":{"start":{"line":4,"column":70},"end":{"line":4,"column":null}},"loc":{"start":{"line":4,"column":70},"end":{"line":12,"column":1}}}},"branchMap":{},"s":{"0":2,"1":2,"2":0,"3":0,"4":0,"5":0,"6":0,"7":0,"8":2},"f":{"0":0,"1":0},"b":{}}
,"C:\\Users\\Windows\\marketplace\\server\\src\\controllers\\customerController.ts": {"path":"C:\\Users\\Windows\\marketplace\\server\\src\\controllers\\customerController.ts","statementMap":{"0":{"start":{"line":2,"column":0},"end":{"line":2,"column":46}},"1":{"start":{"line":4,"column":15},"end":{"line":4,"column":33}},"2":{"start":{"line":7,"column":34},"end":{"line":23,"column":2}},"3":{"start":{"line":7,"column":72},"end":{"line":23,"column":2}},"4":{"start":{"line":8,"column":2},"end":{"line":22,"column":3}},"5":{"start":{"line":9,"column":23},"end":{"line":9,"column":39}},"6":{"start":{"line":10,"column":21},"end":{"line":12,"column":6}},"7":{"start":{"line":14,"column":4},"end":{"line":16,"column":5}},"8":{"start":{"line":15,"column":6},"end":{"line":15,"column":69}},"9":{"start":{"line":18,"column":4},"end":{"line":18,"column":60}},"10":{"start":{"line":20,"column":4},"end":{"line":20,"column":25}},"11":{"start":{"line":21,"column":4},"end":{"line":21,"column":73}},"12":{"start":{"line":7,"column":13},"end":{"line":7,"column":34}},"13":{"start":{"line":26,"column":33},"end":{"line":38,"column":2}},"14":{"start":{"line":26,"column":71},"end":{"line":38,"column":2}},"15":{"start":{"line":27,"column":2},"end":{"line":37,"column":3}},"16":{"start":{"line":28,"column":23},"end":{"line":28,"column":39}},"17":{"start":{"line":29,"column":19},"end":{"line":31,"column":6}},"18":{"start":{"line":33,"column":4},"end":{"line":33,"column":58}},"19":{"start":{"line":35,"column":4},"end":{"line":35,"column":25}},"20":{"start":{"line":36,"column":4},"end":{"line":36,"column":63}},"21":{"start":{"line":26,"column":13},"end":{"line":26,"column":33}},"22":{"start":{"line":41,"column":37},"end":{"line":61,"column":2}},"23":{"start":{"line":41,"column":75},"end":{"line":61,"column":2}},"24":{"start":{"line":42,"column":26},"end":{"line":42,"column":34}},"25":{"start":{"line":44,"column":2},"end":{"line":60,"column":3}},"26":{"start":{"line":45,"column":23},"end":{"line":45,"column":39}},"27":{"start":{"line":47,"column":28},"end":{"line":50,"column":6}},"28":{"start":{"line":52,"column":4},"end":{"line":56,"column":7}},"29":{"start":{"line":58,"column":4},"end":{"line":58,"column":25}},"30":{"start":{"line":59,"column":4},"end":{"line":59,"column":73}},"31":{"start":{"line":41,"column":13},"end":{"line":41,"column":37}}},"fnMap":{"0":{"name":"(anonymous_7)","decl":{"start":{"line":7,"column":34},"end":{"line":7,"column":41}},"loc":{"start":{"line":7,"column":72},"end":{"line":23,"column":2}}},"1":{"name":"(anonymous_8)","decl":{"start":{"line":7,"column":72},"end":{"line":7,"column":null}},"loc":{"start":{"line":7,"column":72},"end":{"line":23,"column":1}}},"2":{"name":"(anonymous_9)","decl":{"start":{"line":26,"column":33},"end":{"line":26,"column":40}},"loc":{"start":{"line":26,"column":71},"end":{"line":38,"column":2}}},"3":{"name":"(anonymous_10)","decl":{"start":{"line":26,"column":71},"end":{"line":26,"column":null}},"loc":{"start":{"line":26,"column":71},"end":{"line":38,"column":1}}},"4":{"name":"(anonymous_11)","decl":{"start":{"line":41,"column":37},"end":{"line":41,"column":44}},"loc":{"start":{"line":41,"column":75},"end":{"line":61,"column":2}}},"5":{"name":"(anonymous_12)","decl":{"start":{"line":41,"column":75},"end":{"line":41,"column":null}},"loc":{"start":{"line":41,"column":75},"end":{"line":61,"column":1}}}},"branchMap":{"0":{"loc":{"start":{"line":9,"column":23},"end":{"line":9,"column":39}},"type":"cond-expr","locations":[{"start":{"line":9,"column":31},"end":{"line":9,"column":33}},{"start":{"line":9,"column":31},"end":{"line":9,"column":39}}]},"1":{"loc":{"start":{"line":9,"column":23},"end":{"line":9,"column":33}},"type":"binary-expr","locations":[{"start":{"line":9,"column":23},"end":{"line":9,"column":33}},{"start":{"line":9,"column":31},"end":{"line":9,"column":33}}]},"2":{"loc":{"start":{"line":14,"column":4},"end":{"line":16,"column":5}},"type":"if","locations":[{"start":{"line":14,"column":4},"end":{"line":16,"column":5}}]},"3":{"loc":{"start":{"line":14,"column":8},"end":{"line":14,"column":49}},"type":"binary-expr","locations":[{"start":{"line":14,"column":8},"end":{"line":14,"column":17}},{"start":{"line":14,"column":21},"end":{"line":14,"column":49}}]},"4":{"loc":{"start":{"line":28,"column":23},"end":{"line":28,"column":39}},"type":"cond-expr","locations":[{"start":{"line":28,"column":31},"end":{"line":28,"column":33}},{"start":{"line":28,"column":31},"end":{"line":28,"column":39}}]},"5":{"loc":{"start":{"line":28,"column":23},"end":{"line":28,"column":33}},"type":"binary-expr","locations":[{"start":{"line":28,"column":23},"end":{"line":28,"column":33}},{"start":{"line":28,"column":31},"end":{"line":28,"column":33}}]},"6":{"loc":{"start":{"line":45,"column":23},"end":{"line":45,"column":39}},"type":"cond-expr","locations":[{"start":{"line":45,"column":31},"end":{"line":45,"column":33}},{"start":{"line":45,"column":31},"end":{"line":45,"column":39}}]},"7":{"loc":{"start":{"line":45,"column":23},"end":{"line":45,"column":33}},"type":"binary-expr","locations":[{"start":{"line":45,"column":23},"end":{"line":45,"column":33}},{"start":{"line":45,"column":31},"end":{"line":45,"column":33}}]}},"s":{"0":2,"1":2,"2":2,"3":0,"4":0,"5":0,"6":0,"7":0,"8":0,"9":0,"10":0,"11":0,"12":2,"13":2,"14":0,"15":0,"16":0,"17":0,"18":0,"19":0,"20":0,"21":2,"22":2,"23":0,"24":0,"25":0,"26":0,"27":0,"28":0,"29":0,"30":0,"31":2},"f":{"0":0,"1":0,"2":0,"3":0,"4":0,"5":0},"b":{"0":[0,0],"1":[0,0],"2":[0],"3":[0,0],"4":[0,0],"5":[0,0],"6":[0,0],"7":[0,0]}}
,"C:\\Users\\Windows\\marketplace\\server\\src\\controllers\\orderController.ts": {"path":"C:\\Users\\Windows\\marketplace\\server\\src\\controllers\\orderController.ts","statementMap":{"0":{"start":{"line":2,"column":0},"end":{"line":2,"column":46}},"1":{"start":{"line":3,"column":0},"end":{"line":3,"column":30}},"2":{"start":{"line":5,"column":15},"end":{"line":5,"column":33}},"3":{"start":{"line":8,"column":27},"end":{"line":63,"column":2}},"4":{"start":{"line":8,"column":65},"end":{"line":63,"column":2}},"5":{"start":{"line":9,"column":2},"end":{"line":62,"column":3}},"6":{"start":{"line":10,"column":91},"end":{"line":10,"column":99}},"7":{"start":{"line":13,"column":21},"end":{"line":28,"column":6}},"8":{"start":{"line":32,"column":18},"end":{"line":56,"column":6}},"9":{"start":{"line":40,"column":44},"end":{"line":45,"column":12}},"10":{"start":{"line":58,"column":4},"end":{"line":58,"column":32}},"11":{"start":{"line":60,"column":4},"end":{"line":60,"column":25}},"12":{"start":{"line":61,"column":4},"end":{"line":61,"column":62}},"13":{"start":{"line":8,"column":13},"end":{"line":8,"column":27}},"14":{"start":{"line":66,"column":28},"end":{"line":84,"column":2}},"15":{"start":{"line":66,"column":66},"end":{"line":84,"column":2}},"16":{"start":{"line":67,"column":2},"end":{"line":83,"column":3}},"17":{"start":{"line":68,"column":19},"end":{"line":77,"column":6}},"18":{"start":{"line":79,"column":4},"end":{"line":79,"column":33}},"19":{"start":{"line":81,"column":4},"end":{"line":81,"column":25}},"20":{"start":{"line":82,"column":4},"end":{"line":82,"column":62}},"21":{"start":{"line":66,"column":13},"end":{"line":66,"column":28}},"22":{"start":{"line":87,"column":28},"end":{"line":112,"column":2}},"23":{"start":{"line":87,"column":66},"end":{"line":112,"column":2}},"24":{"start":{"line":88,"column":2},"end":{"line":111,"column":3}},"25":{"start":{"line":89,"column":19},"end":{"line":89,"column":29}},"26":{"start":{"line":91,"column":18},"end":{"line":101,"column":6}},"27":{"start":{"line":103,"column":4},"end":{"line":105,"column":5}},"28":{"start":{"line":104,"column":6},"end":{"line":104,"column":64}},"29":{"start":{"line":107,"column":4},"end":{"line":107,"column":32}},"30":{"start":{"line":109,"column":4},"end":{"line":109,"column":25}},"31":{"start":{"line":110,"column":4},"end":{"line":110,"column":61}},"32":{"start":{"line":87,"column":13},"end":{"line":87,"column":28}},"33":{"start":{"line":115,"column":27},"end":{"line":143,"column":2}},"34":{"start":{"line":115,"column":65},"end":{"line":143,"column":2}},"35":{"start":{"line":116,"column":2},"end":{"line":142,"column":3}},"36":{"start":{"line":117,"column":19},"end":{"line":117,"column":29}},"37":{"start":{"line":118,"column":74},"end":{"line":118,"column":82}},"38":{"start":{"line":120,"column":25},"end":{"line":136,"column":6}},"39":{"start":{"line":138,"column":4},"end":{"line":138,"column":39}},"40":{"start":{"line":140,"column":4},"end":{"line":140,"column":25}},"41":{"start":{"line":141,"column":4},"end":{"line":141,"column":62}},"42":{"start":{"line":115,"column":13},"end":{"line":115,"column":27}},"43":{"start":{"line":146,"column":27},"end":{"line":159,"column":2}},"44":{"start":{"line":146,"column":65},"end":{"line":159,"column":2}},"45":{"start":{"line":147,"column":2},"end":{"line":158,"column":3}},"46":{"start":{"line":148,"column":19},"end":{"line":148,"column":29}},"47":{"start":{"line":150,"column":4},"end":{"line":152,"column":7}},"48":{"start":{"line":154,"column":4},"end":{"line":154,"column":27}},"49":{"start":{"line":156,"column":4},"end":{"line":156,"column":25}},"50":{"start":{"line":157,"column":4},"end":{"line":157,"column":62}},"51":{"start":{"line":146,"column":13},"end":{"line":146,"column":27}}},"fnMap":{"0":{"name":"(anonymous_8)","decl":{"start":{"line":8,"column":27},"end":{"line":8,"column":34}},"loc":{"start":{"line":8,"column":65},"end":{"line":63,"column":2}}},"1":{"name":"(anonymous_9)","decl":{"start":{"line":8,"column":65},"end":{"line":8,"column":null}},"loc":{"start":{"line":8,"column":65},"end":{"line":63,"column":1}}},"2":{"name":"(anonymous_10)","decl":{"start":{"line":40,"column":28},"end":{"line":40,"column":29}},"loc":{"start":{"line":40,"column":44},"end":{"line":45,"column":12}}},"3":{"name":"(anonymous_11)","decl":{"start":{"line":66,"column":28},"end":{"line":66,"column":35}},"loc":{"start":{"line":66,"column":66},"end":{"line":84,"column":2}}},"4":{"name":"(anonymous_12)","decl":{"start":{"line":66,"column":66},"end":{"line":66,"column":null}},"loc":{"start":{"line":66,"column":66},"end":{"line":84,"column":1}}},"5":{"name":"(anonymous_13)","decl":{"start":{"line":87,"column":28},"end":{"line":87,"column":35}},"loc":{"start":{"line":87,"column":66},"end":{"line":112,"column":2}}},"6":{"name":"(anonymous_14)","decl":{"start":{"line":87,"column":66},"end":{"line":87,"column":null}},"loc":{"start":{"line":87,"column":66},"end":{"line":112,"column":1}}},"7":{"name":"(anonymous_15)","decl":{"start":{"line":115,"column":27},"end":{"line":115,"column":34}},"loc":{"start":{"line":115,"column":65},"end":{"line":143,"column":2}}},"8":{"name":"(anonymous_16)","decl":{"start":{"line":115,"column":65},"end":{"line":115,"column":null}},"loc":{"start":{"line":115,"column":65},"end":{"line":143,"column":1}}},"9":{"name":"(anonymous_17)","decl":{"start":{"line":146,"column":27},"end":{"line":146,"column":34}},"loc":{"start":{"line":146,"column":65},"end":{"line":159,"column":2}}},"10":{"name":"(anonymous_18)","decl":{"start":{"line":146,"column":65},"end":{"line":146,"column":null}},"loc":{"start":{"line":146,"column":65},"end":{"line":159,"column":1}}}},"branchMap":{"0":{"loc":{"start":{"line":19,"column":22},"end":{"line":19,"column":92}},"type":"cond-expr","locations":[{"start":{"line":19,"column":33},"end":{"line":19,"column":64}},{"start":{"line":19,"column":67},"end":{"line":19,"column":92}}]},"1":{"loc":{"start":{"line":24,"column":22},"end":{"line":24,"column":92}},"type":"cond-expr","locations":[{"start":{"line":24,"column":33},"end":{"line":24,"column":64}},{"start":{"line":24,"column":67},"end":{"line":24,"column":92}}]},"2":{"loc":{"start":{"line":103,"column":4},"end":{"line":105,"column":5}},"type":"if","locations":[{"start":{"line":103,"column":4},"end":{"line":105,"column":5}}]}},"s":{"0":2,"1":2,"2":2,"3":2,"4":0,"5":0,"6":0,"7":0,"8":0,"9":0,"10":0,"11":0,"12":0,"13":2,"14":2,"15":0,"16":0,"17":0,"18":0,"19":0,"20":0,"21":2,"22":2,"23":0,"24":0,"25":0,"26":0,"27":0,"28":0,"29":0,"30":0,"31":0,"32":2,"33":2,"34":0,"35":0,"36":0,"37":0,"38":0,"39":0,"40":0,"41":0,"42":2,"43":2,"44":0,"45":0,"46":0,"47":0,"48":0,"49":0,"50":0,"51":2},"f":{"0":0,"1":0,"2":0,"3":0,"4":0,"5":0,"6":0,"7":0,"8":0,"9":0,"10":0},"b":{"0":[0,0],"1":[0,0],"2":[0]}}
,"C:\\Users\\Windows\\marketplace\\server\\src\\controllers\\productController.ts": {"path":"C:\\Users\\Windows\\marketplace\\server\\src\\controllers\\productController.ts","statementMap":{"0":{"start":{"line":2,"column":0},"end":{"line":2,"column":46}},"1":{"start":{"line":4,"column":15},"end":{"line":4,"column":33}},"2":{"start":{"line":7,"column":30},"end":{"line":20,"column":2}},"3":{"start":{"line":7,"column":83},"end":{"line":20,"column":2}},"4":{"start":{"line":8,"column":2},"end":{"line":19,"column":3}},"5":{"start":{"line":10,"column":21},"end":{"line":14,"column":6}},"6":{"start":{"line":15,"column":4},"end":{"line":15,"column":35}},"7":{"start":{"line":17,"column":4},"end":{"line":17,"column":25}},"8":{"start":{"line":18,"column":4},"end":{"line":18,"column":65}},"9":{"start":{"line":7,"column":13},"end":{"line":7,"column":30}},"10":{"start":{"line":23,"column":29},"end":{"line":49,"column":2}},"11":{"start":{"line":23,"column":82},"end":{"line":49,"column":2}},"12":{"start":{"line":24,"column":2},"end":{"line":48,"column":3}},"13":{"start":{"line":25,"column":63},"end":{"line":25,"column":71}},"14":{"start":{"line":28,"column":4},"end":{"line":31,"column":5}},"15":{"start":{"line":29,"column":7},"end":{"line":29,"column":68}},"16":{"start":{"line":30,"column":8},"end":{"line":30,"column":14}},"17":{"start":{"line":34,"column":23},"end":{"line":42,"column":6}},"18":{"start":{"line":44,"column":4},"end":{"line":44,"column":37}},"19":{"start":{"line":46,"column":4},"end":{"line":46,"column":25}},"20":{"start":{"line":47,"column":4},"end":{"line":47,"column":64}},"21":{"start":{"line":23,"column":13},"end":{"line":23,"column":29}}},"fnMap":{"0":{"name":"(anonymous_7)","decl":{"start":{"line":7,"column":30},"end":{"line":7,"column":37}},"loc":{"start":{"line":7,"column":83},"end":{"line":20,"column":2}}},"1":{"name":"(anonymous_8)","decl":{"start":{"line":7,"column":83},"end":{"line":7,"column":null}},"loc":{"start":{"line":7,"column":83},"end":{"line":20,"column":1}}},"2":{"name":"(anonymous_9)","decl":{"start":{"line":23,"column":29},"end":{"line":23,"column":36}},"loc":{"start":{"line":23,"column":82},"end":{"line":49,"column":2}}},"3":{"name":"(anonymous_10)","decl":{"start":{"line":23,"column":82},"end":{"line":23,"column":null}},"loc":{"start":{"line":23,"column":82},"end":{"line":49,"column":1}}}},"branchMap":{"0":{"loc":{"start":{"line":28,"column":4},"end":{"line":31,"column":5}},"type":"if","locations":[{"start":{"line":28,"column":4},"end":{"line":31,"column":5}}]},"1":{"loc":{"start":{"line":28,"column":8},"end":{"line":28,"column":52}},"type":"binary-expr","locations":[{"start":{"line":28,"column":8},"end":{"line":28,"column":13}},{"start":{"line":28,"column":17},"end":{"line":28,"column":29}},{"start":{"line":28,"column":33},"end":{"line":28,"column":39}},{"start":{"line":28,"column":43},"end":{"line":28,"column":52}}]},"2":{"loc":{"start":{"line":40,"column":20},"end":{"line":40,"column":38}},"type":"binary-expr","locations":[{"start":{"line":40,"column":20},"end":{"line":40,"column":30}},{"start":{"line":40,"column":34},"end":{"line":40,"column":38}}]}},"s":{"0":2,"1":2,"2":2,"3":0,"4":0,"5":0,"6":0,"7":0,"8":0,"9":2,"10":2,"11":0,"12":0,"13":0,"14":0,"15":0,"16":0,"17":0,"18":0,"19":0,"20":0,"21":2},"f":{"0":0,"1":0,"2":0,"3":0},"b":{"0":[0],"1":[0,0,0,0],"2":[0,0]}}
,"C:\\Users\\Windows\\marketplace\\server\\src\\controllers\\productReviewController.ts": {"path":"C:\\Users\\Windows\\marketplace\\server\\src\\controllers\\productReviewController.ts","statementMap":{"0":{"start":{"line":2,"column":0},"end":{"line":2,"column":46}},"1":{"start":{"line":4,"column":15},"end":{"line":4,"column":33}},"2":{"start":{"line":7,"column":28},"end":{"line":41,"column":2}},"3":{"start":{"line":7,"column":81},"end":{"line":41,"column":2}},"4":{"start":{"line":8,"column":26},"end":{"line":8,"column":36}},"5":{"start":{"line":9,"column":44},"end":{"line":9,"column":52}},"6":{"start":{"line":12,"column":4},"end":{"line":15,"column":5}},"7":{"start":{"line":13,"column":8},"end":{"line":13,"column":100}},"8":{"start":{"line":14,"column":8},"end":{"line":14,"column":15}},"9":{"start":{"line":18,"column":28},"end":{"line":18,"column":47}},"10":{"start":{"line":19,"column":29},"end":{"line":19,"column":49}},"11":{"start":{"line":21,"column":4},"end":{"line":24,"column":5}},"12":{"start":{"line":22,"column":8},"end":{"line":22,"column":76}},"13":{"start":{"line":23,"column":8},"end":{"line":23,"column":15}},"14":{"start":{"line":26,"column":4},"end":{"line":40,"column":5}},"15":{"start":{"line":27,"column":23},"end":{"line":34,"column":10}},"16":{"start":{"line":36,"column":8},"end":{"line":36,"column":81}},"17":{"start":{"line":38,"column":8},"end":{"line":38,"column":55}},"18":{"start":{"line":39,"column":8},"end":{"line":39,"column":92}},"19":{"start":{"line":7,"column":13},"end":{"line":7,"column":28}},"20":{"start":{"line":44,"column":37},"end":{"line":72,"column":2}},"21":{"start":{"line":44,"column":90},"end":{"line":72,"column":2}},"22":{"start":{"line":45,"column":26},"end":{"line":45,"column":36}},"23":{"start":{"line":48,"column":28},"end":{"line":48,"column":47}},"24":{"start":{"line":50,"column":4},"end":{"line":53,"column":5}},"25":{"start":{"line":51,"column":8},"end":{"line":51,"column":62}},"26":{"start":{"line":52,"column":8},"end":{"line":52,"column":15}},"27":{"start":{"line":55,"column":4},"end":{"line":71,"column":5}},"28":{"start":{"line":56,"column":24},"end":{"line":59,"column":10}},"29":{"start":{"line":62,"column":8},"end":{"line":65,"column":9}},"30":{"start":{"line":63,"column":12},"end":{"line":63,"column":84}},"31":{"start":{"line":64,"column":12},"end":{"line":64,"column":19}},"32":{"start":{"line":67,"column":8},"end":{"line":67,"column":38}},"33":{"start":{"line":69,"column":8},"end":{"line":69,"column":56}},"34":{"start":{"line":70,"column":8},"end":{"line":70,"column":92}},"35":{"start":{"line":44,"column":13},"end":{"line":44,"column":37}}},"fnMap":{"0":{"name":"(anonymous_7)","decl":{"start":{"line":7,"column":28},"end":{"line":7,"column":35}},"loc":{"start":{"line":7,"column":81},"end":{"line":41,"column":2}}},"1":{"name":"(anonymous_8)","decl":{"start":{"line":7,"column":81},"end":{"line":7,"column":null}},"loc":{"start":{"line":7,"column":81},"end":{"line":41,"column":1}}},"2":{"name":"(anonymous_9)","decl":{"start":{"line":44,"column":37},"end":{"line":44,"column":44}},"loc":{"start":{"line":44,"column":90},"end":{"line":72,"column":2}}},"3":{"name":"(anonymous_10)","decl":{"start":{"line":44,"column":90},"end":{"line":44,"column":null}},"loc":{"start":{"line":44,"column":90},"end":{"line":72,"column":1}}}},"branchMap":{"0":{"loc":{"start":{"line":12,"column":4},"end":{"line":15,"column":5}},"type":"if","locations":[{"start":{"line":12,"column":4},"end":{"line":15,"column":5}}]},"1":{"loc":{"start":{"line":12,"column":8},"end":{"line":12,"column":42}},"type":"binary-expr","locations":[{"start":{"line":12,"column":8},"end":{"line":12,"column":19}},{"start":{"line":12,"column":23},"end":{"line":12,"column":30}},{"start":{"line":12,"column":34},"end":{"line":12,"column":42}}]},"2":{"loc":{"start":{"line":21,"column":4},"end":{"line":24,"column":5}},"type":"if","locations":[{"start":{"line":21,"column":4},"end":{"line":24,"column":5}}]},"3":{"loc":{"start":{"line":21,"column":8},"end":{"line":21,"column":57}},"type":"binary-expr","locations":[{"start":{"line":21,"column":8},"end":{"line":21,"column":30}},{"start":{"line":21,"column":34},"end":{"line":21,"column":57}}]},"4":{"loc":{"start":{"line":50,"column":4},"end":{"line":53,"column":5}},"type":"if","locations":[{"start":{"line":50,"column":4},"end":{"line":53,"column":5}}]},"5":{"loc":{"start":{"line":62,"column":8},"end":{"line":65,"column":9}},"type":"if","locations":[{"start":{"line":62,"column":8},"end":{"line":65,"column":9}}]}},"s":{"0":2,"1":2,"2":2,"3":0,"4":0,"5":0,"6":0,"7":0,"8":0,"9":0,"10":0,"11":0,"12":0,"13":0,"14":0,"15":0,"16":0,"17":0,"18":0,"19":2,"20":2,"21":0,"22":0,"23":0,"24":0,"25":0,"26":0,"27":0,"28":0,"29":0,"30":0,"31":0,"32":0,"33":0,"34":0,"35":2},"f":{"0":0,"1":0,"2":0,"3":0},"b":{"0":[0],"1":[0,0,0],"2":[0],"3":[0,0],"4":[0],"5":[0]}}
,"C:\\Users\\Windows\\marketplace\\server\\src\\controllers\\reviewController.ts": {"path":"C:\\Users\\Windows\\marketplace\\server\\src\\controllers\\reviewController.ts","statementMap":{"0":{"start":{"line":2,"column":0},"end":{"line":2,"column":46}},"1":{"start":{"line":4,"column":15},"end":{"line":4,"column":33}},"2":{"start":{"line":7,"column":33},"end":{"line":26,"column":2}},"3":{"start":{"line":7,"column":86},"end":{"line":26,"column":2}},"4":{"start":{"line":8,"column":24},"end":{"line":8,"column":34}},"5":{"start":{"line":9,"column":44},"end":{"line":9,"column":52}},"6":{"start":{"line":11,"column":4},"end":{"line":25,"column":5}},"7":{"start":{"line":12,"column":23},"end":{"line":19,"column":10}},"8":{"start":{"line":21,"column":8},"end":{"line":21,"column":87}},"9":{"start":{"line":23,"column":8},"end":{"line":23,"column":61}},"10":{"start":{"line":24,"column":8},"end":{"line":24,"column":73}},"11":{"start":{"line":7,"column":13},"end":{"line":7,"column":33}},"12":{"start":{"line":29,"column":35},"end":{"line":43,"column":2}},"13":{"start":{"line":29,"column":88},"end":{"line":43,"column":2}},"14":{"start":{"line":30,"column":24},"end":{"line":30,"column":34}},"15":{"start":{"line":32,"column":4},"end":{"line":42,"column":5}},"16":{"start":{"line":33,"column":24},"end":{"line":36,"column":10}},"17":{"start":{"line":38,"column":8},"end":{"line":38,"column":38}},"18":{"start":{"line":40,"column":8},"end":{"line":40,"column":56}},"19":{"start":{"line":41,"column":8},"end":{"line":41,"column":73}},"20":{"start":{"line":29,"column":13},"end":{"line":29,"column":35}}},"fnMap":{"0":{"name":"(anonymous_7)","decl":{"start":{"line":7,"column":33},"end":{"line":7,"column":40}},"loc":{"start":{"line":7,"column":86},"end":{"line":26,"column":2}}},"1":{"name":"(anonymous_8)","decl":{"start":{"line":7,"column":86},"end":{"line":7,"column":null}},"loc":{"start":{"line":7,"column":86},"end":{"line":26,"column":1}}},"2":{"name":"(anonymous_9)","decl":{"start":{"line":29,"column":35},"end":{"line":29,"column":42}},"loc":{"start":{"line":29,"column":88},"end":{"line":43,"column":2}}},"3":{"name":"(anonymous_10)","decl":{"start":{"line":29,"column":88},"end":{"line":29,"column":null}},"loc":{"start":{"line":29,"column":88},"end":{"line":43,"column":1}}}},"branchMap":{},"s":{"0":2,"1":2,"2":2,"3":0,"4":0,"5":0,"6":0,"7":0,"8":0,"9":0,"10":0,"11":2,"12":2,"13":0,"14":0,"15":0,"16":0,"17":0,"18":0,"19":0,"20":2},"f":{"0":0,"1":0,"2":0,"3":0},"b":{}}
,"C:\\Users\\Windows\\marketplace\\server\\src\\controllers\\storeController.ts": {"path":"C:\\Users\\Windows\\marketplace\\server\\src\\controllers\\storeController.ts","statementMap":{"0":{"start":{"line":2,"column":0},"end":{"line":2,"column":44}},"1":{"start":{"line":4,"column":25},"end":{"line":13,"column":2}},"2":{"start":{"line":4,"column":63},"end":{"line":13,"column":2}},"3":{"start":{"line":5,"column":2},"end":{"line":12,"column":3}},"4":{"start":{"line":6,"column":19},"end":{"line":8,"column":6}},"5":{"start":{"line":9,"column":4},"end":{"line":9,"column":33}},"6":{"start":{"line":11,"column":4},"end":{"line":11,"column":43}},"7":{"start":{"line":4,"column":13},"end":{"line":4,"column":25}},"8":{"start":{"line":15,"column":27},"end":{"line":25,"column":2}},"9":{"start":{"line":15,"column":65},"end":{"line":25,"column":2}},"10":{"start":{"line":16,"column":48},"end":{"line":16,"column":56}},"11":{"start":{"line":17,"column":2},"end":{"line":24,"column":3}},"12":{"start":{"line":18,"column":18},"end":{"line":20,"column":6}},"13":{"start":{"line":21,"column":4},"end":{"line":21,"column":32}},"14":{"start":{"line":23,"column":4},"end":{"line":23,"column":43}},"15":{"start":{"line":15,"column":13},"end":{"line":15,"column":27}}},"fnMap":{"0":{"name":"(anonymous_8)","decl":{"start":{"line":4,"column":25},"end":{"line":4,"column":32}},"loc":{"start":{"line":4,"column":63},"end":{"line":13,"column":2}}},"1":{"name":"(anonymous_9)","decl":{"start":{"line":4,"column":63},"end":{"line":4,"column":null}},"loc":{"start":{"line":4,"column":63},"end":{"line":13,"column":1}}},"2":{"name":"(anonymous_10)","decl":{"start":{"line":15,"column":27},"end":{"line":15,"column":34}},"loc":{"start":{"line":15,"column":65},"end":{"line":25,"column":2}}},"3":{"name":"(anonymous_11)","decl":{"start":{"line":15,"column":65},"end":{"line":15,"column":null}},"loc":{"start":{"line":15,"column":65},"end":{"line":25,"column":1}}}},"branchMap":{},"s":{"0":2,"1":2,"2":0,"3":0,"4":0,"5":0,"6":0,"7":2,"8":2,"9":0,"10":0,"11":0,"12":0,"13":0,"14":0,"15":2},"f":{"0":0,"1":0,"2":0,"3":0},"b":{}}
,"C:\\Users\\Windows\\marketplace\\server\\src\\controllers\\vendorController.ts": {"path":"C:\\Users\\Windows\\marketplace\\server\\src\\controllers\\vendorController.ts","statementMap":{"0":{"start":{"line":2,"column":0},"end":{"line":2,"column":46}},"1":{"start":{"line":4,"column":15},"end":{"line":4,"column":33}},"2":{"start":{"line":7,"column":32},"end":{"line":28,"column":2}},"3":{"start":{"line":7,"column":70},"end":{"line":28,"column":2}},"4":{"start":{"line":8,"column":2},"end":{"line":27,"column":3}},"5":{"start":{"line":9,"column":21},"end":{"line":9,"column":37}},"6":{"start":{"line":11,"column":4},"end":{"line":13,"column":5}},"7":{"start":{"line":12,"column":6},"end":{"line":12,"column":63}},"8":{"start":{"line":15,"column":19},"end":{"line":17,"column":6}},"9":{"start":{"line":19,"column":4},"end":{"line":21,"column":5}},"10":{"start":{"line":20,"column":6},"end":{"line":20,"column":67}},"11":{"start":{"line":23,"column":4},"end":{"line":23,"column":58}},"12":{"start":{"line":25,"column":4},"end":{"line":25,"column":25}},"13":{"start":{"line":26,"column":4},"end":{"line":26,"column":71}},"14":{"start":{"line":7,"column":13},"end":{"line":7,"column":32}},"15":{"start":{"line":30,"column":31},"end":{"line":65,"column":2}},"16":{"start":{"line":30,"column":69},"end":{"line":65,"column":2}},"17":{"start":{"line":31,"column":17},"end":{"line":31,"column":33}},"18":{"start":{"line":33,"column":2},"end":{"line":35,"column":3}},"19":{"start":{"line":34,"column":4},"end":{"line":34,"column":61}},"20":{"start":{"line":37,"column":2},"end":{"line":64,"column":3}},"21":{"start":{"line":39,"column":17},"end":{"line":41,"column":6}},"22":{"start":{"line":43,"column":4},"end":{"line":45,"column":5}},"23":{"start":{"line":44,"column":6},"end":{"line":44,"column":86}},"24":{"start":{"line":48,"column":19},"end":{"line":52,"column":6}},"25":{"start":{"line":54,"column":4},"end":{"line":60,"column":7}},"26":{"start":{"line":62,"column":4},"end":{"line":62,"column":25}},"27":{"start":{"line":63,"column":4},"end":{"line":63,"column":72}},"28":{"start":{"line":30,"column":13},"end":{"line":30,"column":31}},"29":{"start":{"line":68,"column":35},"end":{"line":96,"column":2}},"30":{"start":{"line":68,"column":73},"end":{"line":96,"column":2}},"31":{"start":{"line":69,"column":26},"end":{"line":69,"column":34}},"32":{"start":{"line":71,"column":2},"end":{"line":73,"column":3}},"33":{"start":{"line":72,"column":4},"end":{"line":72,"column":76}},"34":{"start":{"line":75,"column":2},"end":{"line":95,"column":3}},"35":{"start":{"line":76,"column":21},"end":{"line":76,"column":37}},"36":{"start":{"line":78,"column":4},"end":{"line":80,"column":5}},"37":{"start":{"line":79,"column":6},"end":{"line":79,"column":63}},"38":{"start":{"line":82,"column":26},"end":{"line":85,"column":6}},"39":{"start":{"line":87,"column":4},"end":{"line":91,"column":7}},"40":{"start":{"line":93,"column":4},"end":{"line":93,"column":25}},"41":{"start":{"line":94,"column":4},"end":{"line":94,"column":71}},"42":{"start":{"line":68,"column":13},"end":{"line":68,"column":35}}},"fnMap":{"0":{"name":"(anonymous_7)","decl":{"start":{"line":7,"column":32},"end":{"line":7,"column":39}},"loc":{"start":{"line":7,"column":70},"end":{"line":28,"column":2}}},"1":{"name":"(anonymous_8)","decl":{"start":{"line":7,"column":70},"end":{"line":7,"column":null}},"loc":{"start":{"line":7,"column":70},"end":{"line":28,"column":1}}},"2":{"name":"(anonymous_9)","decl":{"start":{"line":30,"column":31},"end":{"line":30,"column":38}},"loc":{"start":{"line":30,"column":69},"end":{"line":65,"column":2}}},"3":{"name":"(anonymous_10)","decl":{"start":{"line":30,"column":69},"end":{"line":30,"column":null}},"loc":{"start":{"line":30,"column":69},"end":{"line":65,"column":1}}},"4":{"name":"(anonymous_11)","decl":{"start":{"line":68,"column":35},"end":{"line":68,"column":42}},"loc":{"start":{"line":68,"column":73},"end":{"line":96,"column":2}}},"5":{"name":"(anonymous_12)","decl":{"start":{"line":68,"column":73},"end":{"line":68,"column":null}},"loc":{"start":{"line":68,"column":73},"end":{"line":96,"column":1}}}},"branchMap":{"0":{"loc":{"start":{"line":9,"column":21},"end":{"line":9,"column":37}},"type":"cond-expr","locations":[{"start":{"line":9,"column":29},"end":{"line":9,"column":31}},{"start":{"line":9,"column":29},"end":{"line":9,"column":37}}]},"1":{"loc":{"start":{"line":9,"column":21},"end":{"line":9,"column":31}},"type":"binary-expr","locations":[{"start":{"line":9,"column":21},"end":{"line":9,"column":31}},{"start":{"line":9,"column":29},"end":{"line":9,"column":31}}]},"2":{"loc":{"start":{"line":11,"column":4},"end":{"line":13,"column":5}},"type":"if","locations":[{"start":{"line":11,"column":4},"end":{"line":13,"column":5}}]},"3":{"loc":{"start":{"line":19,"column":4},"end":{"line":21,"column":5}},"type":"if","locations":[{"start":{"line":19,"column":4},"end":{"line":21,"column":5}}]},"4":{"loc":{"start":{"line":19,"column":8},"end":{"line":19,"column":43}},"type":"binary-expr","locations":[{"start":{"line":19,"column":8},"end":{"line":19,"column":15}},{"start":{"line":19,"column":19},"end":{"line":19,"column":43}}]},"5":{"loc":{"start":{"line":31,"column":17},"end":{"line":31,"column":33}},"type":"cond-expr","locations":[{"start":{"line":31,"column":25},"end":{"line":31,"column":27}},{"start":{"line":31,"column":25},"end":{"line":31,"column":33}}]},"6":{"loc":{"start":{"line":31,"column":17},"end":{"line":31,"column":27}},"type":"binary-expr","locations":[{"start":{"line":31,"column":17},"end":{"line":31,"column":27}},{"start":{"line":31,"column":25},"end":{"line":31,"column":27}}]},"7":{"loc":{"start":{"line":33,"column":2},"end":{"line":35,"column":3}},"type":"if","locations":[{"start":{"line":33,"column":2},"end":{"line":35,"column":3}}]},"8":{"loc":{"start":{"line":43,"column":4},"end":{"line":45,"column":5}},"type":"if","locations":[{"start":{"line":43,"column":4},"end":{"line":45,"column":5}}]},"9":{"loc":{"start":{"line":43,"column":8},"end":{"line":43,"column":39}},"type":"binary-expr","locations":[{"start":{"line":43,"column":8},"end":{"line":43,"column":13}},{"start":{"line":43,"column":17},"end":{"line":43,"column":39}}]},"10":{"loc":{"start":{"line":71,"column":2},"end":{"line":73,"column":3}},"type":"if","locations":[{"start":{"line":71,"column":2},"end":{"line":73,"column":3}}]},"11":{"loc":{"start":{"line":71,"column":6},"end":{"line":71,"column":21}},"type":"binary-expr","locations":[{"start":{"line":71,"column":6},"end":{"line":71,"column":11}},{"start":{"line":71,"column":15},"end":{"line":71,"column":21}}]},"12":{"loc":{"start":{"line":76,"column":21},"end":{"line":76,"column":37}},"type":"cond-expr","locations":[{"start":{"line":76,"column":29},"end":{"line":76,"column":31}},{"start":{"line":76,"column":29},"end":{"line":76,"column":37}}]},"13":{"loc":{"start":{"line":76,"column":21},"end":{"line":76,"column":31}},"type":"binary-expr","locations":[{"start":{"line":76,"column":21},"end":{"line":76,"column":31}},{"start":{"line":76,"column":29},"end":{"line":76,"column":31}}]},"14":{"loc":{"start":{"line":78,"column":4},"end":{"line":80,"column":5}},"type":"if","locations":[{"start":{"line":78,"column":4},"end":{"line":80,"column":5}}]}},"s":{"0":2,"1":2,"2":2,"3":0,"4":0,"5":0,"6":0,"7":0,"8":0,"9":0,"10":0,"11":0,"12":0,"13":0,"14":2,"15":2,"16":0,"17":0,"18":0,"19":0,"20":0,"21":0,"22":0,"23":0,"24":0,"25":0,"26":0,"27":0,"28":2,"29":2,"30":0,"31":0,"32":0,"33":0,"34":0,"35":0,"36":0,"37":0,"38":0,"39":0,"40":0,"41":0,"42":2},"f":{"0":0,"1":0,"2":0,"3":0,"4":0,"5":0},"b":{"0":[0,0],"1":[0,0],"2":[0],"3":[0],"4":[0,0],"5":[0,0],"6":[0,0],"7":[0],"8":[0],"9":[0,0],"10":[0],"11":[0,0],"12":[0,0],"13":[0,0],"14":[0]}}
,"C:\\Users\\Windows\\marketplace\\server\\src\\middlewares\\authMiddleware.ts": {"path":"C:\\Users\\Windows\\marketplace\\server\\src\\middlewares\\authMiddleware.ts","statementMap":{"0":{"start":{"line":2,"column":0},"end":{"line":2,"column":31}},"1":{"start":{"line":17,"column":27},"end":{"line":34,"column":1}},"2":{"start":{"line":18,"column":16},"end":{"line":18,"column":67}},"3":{"start":{"line":20,"column":2},"end":{"line":22,"column":3}},"4":{"start":{"line":21,"column":4},"end":{"line":21,"column":79}},"5":{"start":{"line":24,"column":2},"end":{"line":33,"column":3}},"6":{"start":{"line":25,"column":20},"end":{"line":25,"column":133}},"7":{"start":{"line":26,"column":4},"end":{"line":26,"column":23}},"8":{"start":{"line":27,"column":4},"end":{"line":27,"column":11}},"9":{"start":{"line":29,"column":4},"end":{"line":31,"column":5}},"10":{"start":{"line":30,"column":6},"end":{"line":30,"column":62}},"11":{"start":{"line":32,"column":4},"end":{"line":32,"column":64}},"12":{"start":{"line":17,"column":13},"end":{"line":17,"column":27}},"13":{"start":{"line":37,"column":30},"end":{"line":56,"column":1}},"14":{"start":{"line":38,"column":2},"end":{"line":55,"column":4}},"15":{"start":{"line":39,"column":18},"end":{"line":39,"column":69}},"16":{"start":{"line":40,"column":4},"end":{"line":40,"column":93}},"17":{"start":{"line":40,"column":16},"end":{"line":40,"column":93}},"18":{"start":{"line":42,"column":4},"end":{"line":54,"column":5}},"19":{"start":{"line":43,"column":22},"end":{"line":43,"column":98}},"20":{"start":{"line":46,"column":6},"end":{"line":48,"column":7}},"21":{"start":{"line":47,"column":8},"end":{"line":47,"column":85}},"22":{"start":{"line":50,"column":6},"end":{"line":50,"column":25}},"23":{"start":{"line":51,"column":6},"end":{"line":51,"column":13}},"24":{"start":{"line":53,"column":6},"end":{"line":53,"column":57}},"25":{"start":{"line":37,"column":13},"end":{"line":37,"column":30}},"26":{"start":{"line":59,"column":31},"end":{"line":61,"column":1}},"27":{"start":{"line":60,"column":2},"end":{"line":60,"column":51}},"28":{"start":{"line":59,"column":13},"end":{"line":59,"column":31}},"29":{"start":{"line":64,"column":32},"end":{"line":66,"column":1}},"30":{"start":{"line":65,"column":2},"end":{"line":65,"column":52}},"31":{"start":{"line":64,"column":13},"end":{"line":64,"column":32}}},"fnMap":{"0":{"name":"(anonymous_1)","decl":{"start":{"line":17,"column":27},"end":{"line":17,"column":28}},"loc":{"start":{"line":17,"column":79},"end":{"line":34,"column":1}}},"1":{"name":"(anonymous_2)","decl":{"start":{"line":37,"column":30},"end":{"line":37,"column":31}},"loc":{"start":{"line":37,"column":50},"end":{"line":56,"column":1}}},"2":{"name":"(anonymous_3)","decl":{"start":{"line":38,"column":9},"end":{"line":38,"column":10}},"loc":{"start":{"line":38,"column":61},"end":{"line":55,"column":3}}},"3":{"name":"(anonymous_4)","decl":{"start":{"line":59,"column":31},"end":{"line":59,"column":32}},"loc":{"start":{"line":59,"column":83},"end":{"line":61,"column":1}}},"4":{"name":"(anonymous_5)","decl":{"start":{"line":64,"column":32},"end":{"line":64,"column":33}},"loc":{"start":{"line":64,"column":84},"end":{"line":66,"column":1}}}},"branchMap":{"0":{"loc":{"start":{"line":18,"column":16},"end":{"line":18,"column":67}},"type":"cond-expr","locations":[{"start":{"line":18,"column":43},"end":{"line":18,"column":45}},{"start":{"line":18,"column":43},"end":{"line":18,"column":67}}]},"1":{"loc":{"start":{"line":18,"column":16},"end":{"line":18,"column":45}},"type":"binary-expr","locations":[{"start":{"line":18,"column":16},"end":{"line":18,"column":45}},{"start":{"line":18,"column":43},"end":{"line":18,"column":45}}]},"2":{"loc":{"start":{"line":20,"column":2},"end":{"line":22,"column":3}},"type":"if","locations":[{"start":{"line":20,"column":2},"end":{"line":22,"column":3}}]},"3":{"loc":{"start":{"line":25,"column":38},"end":{"line":25,"column":81}},"type":"binary-expr","locations":[{"start":{"line":25,"column":38},"end":{"line":25,"column":60}},{"start":{"line":25,"column":64},"end":{"line":25,"column":81}}]},"4":{"loc":{"start":{"line":29,"column":4},"end":{"line":31,"column":5}},"type":"if","locations":[{"start":{"line":29,"column":4},"end":{"line":31,"column":5}}]},"5":{"loc":{"start":{"line":39,"column":18},"end":{"line":39,"column":69}},"type":"cond-expr","locations":[{"start":{"line":39,"column":45},"end":{"line":39,"column":47}},{"start":{"line":39,"column":45},"end":{"line":39,"column":69}}]},"6":{"loc":{"start":{"line":39,"column":18},"end":{"line":39,"column":47}},"type":"binary-expr","locations":[{"start":{"line":39,"column":18},"end":{"line":39,"column":47}},{"start":{"line":39,"column":45},"end":{"line":39,"column":47}}]},"7":{"loc":{"start":{"line":40,"column":4},"end":{"line":40,"column":93}},"type":"if","locations":[{"start":{"line":40,"column":4},"end":{"line":40,"column":93}}]},"8":{"loc":{"start":{"line":43,"column":40},"end":{"line":43,"column":83}},"type":"binary-expr","locations":[{"start":{"line":43,"column":40},"end":{"line":43,"column":62}},{"start":{"line":43,"column":66},"end":{"line":43,"column":83}}]},"9":{"loc":{"start":{"line":46,"column":6},"end":{"line":48,"column":7}},"type":"if","locations":[{"start":{"line":46,"column":6},"end":{"line":48,"column":7}}]}},"s":{"0":2,"1":2,"2":3,"3":0,"4":0,"5":0,"6":0,"7":0,"8":0,"9":0,"10":0,"11":0,"12":2,"13":2,"14":0,"15":0,"16":0,"17":0,"18":0,"19":0,"20":0,"21":0,"22":0,"23":0,"24":0,"25":2,"26":2,"27":0,"28":2,"29":2,"30":0,"31":2},"f":{"0":3,"1":0,"2":0,"3":0,"4":0},"b":{"0":[0,0],"1":[3,0],"2":[0],"3":[0,0],"4":[0],"5":[0,0],"6":[0,0],"7":[0],"8":[0,0],"9":[0]}}
,"C:\\Users\\Windows\\marketplace\\server\\src\\middlewares\\protectRoute.ts": {"path":"C:\\Users\\Windows\\marketplace\\server\\src\\middlewares\\protectRoute.ts","statementMap":{"0":{"start":{"line":2,"column":0},"end":{"line":2,"column":31}},"1":{"start":{"line":15,"column":28},"end":{"line":35,"column":1}},"2":{"start":{"line":17,"column":16},"end":{"line":17,"column":67}},"3":{"start":{"line":19,"column":2},"end":{"line":21,"column":3}},"4":{"start":{"line":20,"column":4},"end":{"line":20,"column":81}},"5":{"start":{"line":23,"column":2},"end":{"line":34,"column":3}},"6":{"start":{"line":25,"column":20},"end":{"line":25,"column":96}},"7":{"start":{"line":28,"column":4},"end":{"line":28,"column":23}},"8":{"start":{"line":30,"column":4},"end":{"line":30,"column":11}},"9":{"start":{"line":32,"column":4},"end":{"line":32,"column":50}},"10":{"start":{"line":33,"column":4},"end":{"line":33,"column":62}},"11":{"start":{"line":15,"column":13},"end":{"line":15,"column":28}}},"fnMap":{"0":{"name":"(anonymous_1)","decl":{"start":{"line":15,"column":28},"end":{"line":15,"column":29}},"loc":{"start":{"line":15,"column":80},"end":{"line":35,"column":1}}}},"branchMap":{"0":{"loc":{"start":{"line":17,"column":16},"end":{"line":17,"column":67}},"type":"cond-expr","locations":[{"start":{"line":17,"column":43},"end":{"line":17,"column":45}},{"start":{"line":17,"column":43},"end":{"line":17,"column":67}}]},"1":{"loc":{"start":{"line":17,"column":16},"end":{"line":17,"column":45}},"type":"binary-expr","locations":[{"start":{"line":17,"column":16},"end":{"line":17,"column":45}},{"start":{"line":17,"column":43},"end":{"line":17,"column":45}}]},"2":{"loc":{"start":{"line":19,"column":2},"end":{"line":21,"column":3}},"type":"if","locations":[{"start":{"line":19,"column":2},"end":{"line":21,"column":3}}]},"3":{"loc":{"start":{"line":25,"column":38},"end":{"line":25,"column":81}},"type":"binary-expr","locations":[{"start":{"line":25,"column":38},"end":{"line":25,"column":60}},{"start":{"line":25,"column":64},"end":{"line":25,"column":81}}]}},"s":{"0":2,"1":2,"2":0,"3":0,"4":0,"5":0,"6":0,"7":0,"8":0,"9":0,"10":0,"11":2},"f":{"0":0},"b":{"0":[0,0],"1":[0,0],"2":[0],"3":[0,0]}}
,"C:\\Users\\Windows\\marketplace\\server\\src\\middlewares\\roleGuard.ts": {"path":"C:\\Users\\Windows\\marketplace\\server\\src\\middlewares\\roleGuard.ts","statementMap":{"0":{"start":{"line":3,"column":18},"end":{"line":29,"column":1}},"1":{"start":{"line":4,"column":2},"end":{"line":28,"column":4}},"2":{"start":{"line":5,"column":4},"end":{"line":7,"column":5}},"3":{"start":{"line":6,"column":6},"end":{"line":6,"column":96}},"4":{"start":{"line":9,"column":21},"end":{"line":9,"column":34}},"5":{"start":{"line":11,"column":4},"end":{"line":25,"column":5}},"6":{"start":{"line":12,"column":28},"end":{"line":12,"column":59}},"7":{"start":{"line":13,"column":31},"end":{"line":13,"column":90}},"8":{"start":{"line":13,"column":61},"end":{"line":13,"column":88}},"9":{"start":{"line":15,"column":6},"end":{"line":17,"column":7}},"10":{"start":{"line":16,"column":8},"end":{"line":16,"column":76}},"11":{"start":{"line":18,"column":6},"end":{"line":20,"column":7}},"12":{"start":{"line":19,"column":8},"end":{"line":19,"column":117}},"13":{"start":{"line":22,"column":6},"end":{"line":24,"column":7}},"14":{"start":{"line":23,"column":8},"end":{"line":23,"column":117}},"15":{"start":{"line":27,"column":4},"end":{"line":27,"column":11}},"16":{"start":{"line":31,"column":0},"end":{"line":31,"column":25}}},"fnMap":{"0":{"name":"(anonymous_0)","decl":{"start":{"line":3,"column":18},"end":{"line":3,"column":19}},"loc":{"start":{"line":3,"column":119},"end":{"line":29,"column":1}}},"1":{"name":"(anonymous_1)","decl":{"start":{"line":4,"column":9},"end":{"line":4,"column":10}},"loc":{"start":{"line":4,"column":61},"end":{"line":28,"column":3}}},"2":{"name":"(anonymous_2)","decl":{"start":{"line":13,"column":53},"end":{"line":13,"column":57}},"loc":{"start":{"line":13,"column":61},"end":{"line":13,"column":88}}}},"branchMap":{"0":{"loc":{"start":{"line":3,"column":36},"end":{"line":3,"column":56}},"type":"default-arg","locations":[{"start":{"line":3,"column":51},"end":{"line":3,"column":56}}]},"1":{"loc":{"start":{"line":3,"column":58},"end":{"line":3,"column":115}},"type":"default-arg","locations":[{"start":{"line":3,"column":84},"end":{"line":3,"column":115}}]},"2":{"loc":{"start":{"line":5,"column":4},"end":{"line":7,"column":5}},"type":"if","locations":[{"start":{"line":5,"column":4},"end":{"line":7,"column":5}}]},"3":{"loc":{"start":{"line":11,"column":4},"end":{"line":25,"column":5}},"type":"if","locations":[{"start":{"line":11,"column":4},"end":{"line":25,"column":5}},{"start":{"line":21,"column":11},"end":{"line":25,"column":5}}]},"4":{"loc":{"start":{"line":15,"column":6},"end":{"line":17,"column":7}},"type":"if","locations":[{"start":{"line":15,"column":6},"end":{"line":17,"column":7}}]},"5":{"loc":{"start":{"line":18,"column":6},"end":{"line":20,"column":7}},"type":"if","locations":[{"start":{"line":18,"column":6},"end":{"line":20,"column":7}}]},"6":{"loc":{"start":{"line":22,"column":6},"end":{"line":24,"column":7}},"type":"if","locations":[{"start":{"line":22,"column":6},"end":{"line":24,"column":7}}]}},"s":{"0":2,"1":22,"2":0,"3":0,"4":0,"5":0,"6":0,"7":0,"8":0,"9":0,"10":0,"11":0,"12":0,"13":0,"14":0,"15":0,"16":2},"f":{"0":22,"1":0,"2":0},"b":{"0":[22],"1":[22],"2":[0],"3":[0,0],"4":[0],"5":[0],"6":[0]}}
,"C:\\Users\\Windows\\marketplace\\server\\src\\prisma\\prismaClient.ts": {"path":"C:\\Users\\Windows\\marketplace\\server\\src\\prisma\\prismaClient.ts","statementMap":{"0":{"start":{"line":2,"column":0},"end":{"line":2,"column":46}},"1":{"start":{"line":4,"column":15},"end":{"line":4,"column":33}},"2":{"start":{"line":6,"column":0},"end":{"line":6,"column":22}}},"fnMap":{},"branchMap":{},"s":{"0":2,"1":2,"2":2},"f":{},"b":{}}
,"C:\\Users\\Windows\\marketplace\\server\\src\\routes\\adminRoutes.ts": {"path":"C:\\Users\\Windows\\marketplace\\server\\src\\routes\\adminRoutes.ts","statementMap":{"0":{"start":{"line":1,"column":0},"end":{"line":1,"column":67}},"1":{"start":{"line":2,"column":0},"end":{"line":2,"column":44}},"2":{"start":{"line":3,"column":0},"end":{"line":3,"column":30}},"3":{"start":{"line":4,"column":0},"end":{"line":4,"column":60}},"4":{"start":{"line":5,"column":0},"end":{"line":5,"column":59}},"5":{"start":{"line":7,"column":15},"end":{"line":7,"column":31}},"6":{"start":{"line":10,"column":19},"end":{"line":17,"column":1}},"7":{"start":{"line":11,"column":2},"end":{"line":16,"column":4}},"8":{"start":{"line":12,"column":4},"end":{"line":14,"column":5}},"9":{"start":{"line":13,"column":6},"end":{"line":13,"column":96}},"10":{"start":{"line":15,"column":4},"end":{"line":15,"column":11}},"11":{"start":{"line":20,"column":25},"end":{"line":25,"column":2}},"12":{"start":{"line":28,"column":27},"end":{"line":31,"column":2}},"13":{"start":{"line":34,"column":0},"end":{"line":66,"column":3}},"14":{"start":{"line":34,"column":118},"end":{"line":66,"column":2}},"15":{"start":{"line":35,"column":42},"end":{"line":35,"column":50}},"16":{"start":{"line":37,"column":17},"end":{"line":37,"column":38}},"17":{"start":{"line":38,"column":2},"end":{"line":40,"column":3}},"18":{"start":{"line":39,"column":4},"end":{"line":39,"column":60}},"19":{"start":{"line":42,"column":2},"end":{"line":65,"column":3}},"20":{"start":{"line":43,"column":27},"end":{"line":43,"column":58}},"21":{"start":{"line":44,"column":29},"end":{"line":44,"column":76}},"22":{"start":{"line":47,"column":4},"end":{"line":54,"column":5}},"23":{"start":{"line":48,"column":6},"end":{"line":53,"column":8}},"24":{"start":{"line":56,"column":20},"end":{"line":59,"column":6}},"25":{"start":{"line":61,"column":4},"end":{"line":61,"column":76}},"26":{"start":{"line":63,"column":4},"end":{"line":63,"column":49}},"27":{"start":{"line":64,"column":4},"end":{"line":64,"column":61}},"28":{"start":{"line":69,"column":0},"end":{"line":101,"column":3}},"29":{"start":{"line":69,"column":96},"end":{"line":101,"column":2}},"30":{"start":{"line":70,"column":17},"end":{"line":70,"column":40}},"31":{"start":{"line":71,"column":32},"end":{"line":71,"column":40}},"32":{"start":{"line":73,"column":17},"end":{"line":73,"column":38}},"33":{"start":{"line":74,"column":2},"end":{"line":76,"column":3}},"34":{"start":{"line":75,"column":4},"end":{"line":75,"column":60}},"35":{"start":{"line":78,"column":2},"end":{"line":100,"column":3}},"36":{"start":{"line":79,"column":33},"end":{"line":79,"column":54}},"37":{"start":{"line":81,"column":4},"end":{"line":88,"column":5}},"38":{"start":{"line":82,"column":6},"end":{"line":87,"column":8}},"39":{"start":{"line":90,"column":24},"end":{"line":94,"column":6}},"40":{"start":{"line":96,"column":4},"end":{"line":96,"column":80}},"41":{"start":{"line":98,"column":4},"end":{"line":98,"column":49}},"42":{"start":{"line":99,"column":4},"end":{"line":99,"column":61}},"43":{"start":{"line":104,"column":0},"end":{"line":118,"column":3}},"44":{"start":{"line":104,"column":99},"end":{"line":118,"column":2}},"45":{"start":{"line":105,"column":17},"end":{"line":105,"column":40}},"46":{"start":{"line":107,"column":2},"end":{"line":117,"column":3}},"47":{"start":{"line":108,"column":24},"end":{"line":111,"column":6}},"48":{"start":{"line":113,"column":4},"end":{"line":113,"column":80}},"49":{"start":{"line":115,"column":4},"end":{"line":115,"column":49}},"50":{"start":{"line":116,"column":4},"end":{"line":116,"column":61}},"51":{"start":{"line":121,"column":0},"end":{"line":131,"column":3}},"52":{"start":{"line":121,"column":93},"end":{"line":131,"column":2}},"53":{"start":{"line":122,"column":2},"end":{"line":130,"column":3}},"54":{"start":{"line":123,"column":18},"end":{"line":125,"column":6}},"55":{"start":{"line":126,"column":4},"end":{"line":126,"column":32}},"56":{"start":{"line":128,"column":4},"end":{"line":128,"column":50}},"57":{"start":{"line":129,"column":4},"end":{"line":129,"column":63}},"58":{"start":{"line":134,"column":0},"end":{"line":152,"column":3}},"59":{"start":{"line":134,"column":96},"end":{"line":152,"column":2}},"60":{"start":{"line":135,"column":17},"end":{"line":135,"column":40}},"61":{"start":{"line":137,"column":2},"end":{"line":151,"column":3}},"62":{"start":{"line":138,"column":17},"end":{"line":141,"column":6}},"63":{"start":{"line":143,"column":4},"end":{"line":145,"column":5}},"64":{"start":{"line":144,"column":6},"end":{"line":144,"column":65}},"65":{"start":{"line":147,"column":4},"end":{"line":147,"column":31}},"66":{"start":{"line":149,"column":4},"end":{"line":149,"column":49}},"67":{"start":{"line":150,"column":4},"end":{"line":150,"column":63}},"68":{"start":{"line":155,"column":0},"end":{"line":165,"column":3}},"69":{"start":{"line":155,"column":96},"end":{"line":165,"column":2}},"70":{"start":{"line":156,"column":2},"end":{"line":164,"column":3}},"71":{"start":{"line":157,"column":21},"end":{"line":159,"column":6}},"72":{"start":{"line":160,"column":4},"end":{"line":160,"column":35}},"73":{"start":{"line":162,"column":4},"end":{"line":162,"column":53}},"74":{"start":{"line":163,"column":4},"end":{"line":163,"column":63}},"75":{"start":{"line":168,"column":0},"end":{"line":197,"column":3}},"76":{"start":{"line":168,"column":103},"end":{"line":197,"column":2}},"77":{"start":{"line":169,"column":61},"end":{"line":169,"column":69}},"78":{"start":{"line":171,"column":2},"end":{"line":173,"column":3}},"79":{"start":{"line":172,"column":4},"end":{"line":172,"column":72}},"80":{"start":{"line":175,"column":2},"end":{"line":196,"column":3}},"81":{"start":{"line":176,"column":21},"end":{"line":176,"column":84}},"82":{"start":{"line":178,"column":4},"end":{"line":180,"column":5}},"83":{"start":{"line":179,"column":6},"end":{"line":179,"column":74}},"84":{"start":{"line":182,"column":23},"end":{"line":190,"column":6}},"85":{"start":{"line":192,"column":4},"end":{"line":192,"column":37}},"86":{"start":{"line":194,"column":4},"end":{"line":194,"column":52}},"87":{"start":{"line":195,"column":4},"end":{"line":195,"column":64}},"88":{"start":{"line":200,"column":0},"end":{"line":214,"column":3}},"89":{"start":{"line":200,"column":102},"end":{"line":214,"column":2}},"90":{"start":{"line":201,"column":20},"end":{"line":201,"column":43}},"91":{"start":{"line":203,"column":2},"end":{"line":213,"column":3}},"92":{"start":{"line":204,"column":27},"end":{"line":207,"column":6}},"93":{"start":{"line":209,"column":4},"end":{"line":209,"column":86}},"94":{"start":{"line":211,"column":4},"end":{"line":211,"column":52}},"95":{"start":{"line":212,"column":4},"end":{"line":212,"column":64}},"96":{"start":{"line":216,"column":0},"end":{"line":216,"column":22}}},"fnMap":{"0":{"name":"(anonymous_8)","decl":{"start":{"line":10,"column":19},"end":{"line":10,"column":20}},"loc":{"start":{"line":10,"column":36},"end":{"line":17,"column":1}}},"1":{"name":"(anonymous_9)","decl":{"start":{"line":11,"column":9},"end":{"line":11,"column":10}},"loc":{"start":{"line":11,"column":61},"end":{"line":16,"column":3}}},"2":{"name":"(anonymous_10)","decl":{"start":{"line":34,"column":80},"end":{"line":34,"column":87}},"loc":{"start":{"line":34,"column":118},"end":{"line":66,"column":2}}},"3":{"name":"(anonymous_11)","decl":{"start":{"line":34,"column":118},"end":{"line":34,"column":null}},"loc":{"start":{"line":34,"column":118},"end":{"line":66,"column":1}}},"4":{"name":"(anonymous_12)","decl":{"start":{"line":69,"column":58},"end":{"line":69,"column":65}},"loc":{"start":{"line":69,"column":96},"end":{"line":101,"column":2}}},"5":{"name":"(anonymous_13)","decl":{"start":{"line":69,"column":96},"end":{"line":69,"column":null}},"loc":{"start":{"line":69,"column":96},"end":{"line":101,"column":1}}},"6":{"name":"(anonymous_14)","decl":{"start":{"line":104,"column":61},"end":{"line":104,"column":68}},"loc":{"start":{"line":104,"column":99},"end":{"line":118,"column":2}}},"7":{"name":"(anonymous_15)","decl":{"start":{"line":104,"column":99},"end":{"line":104,"column":null}},"loc":{"start":{"line":104,"column":99},"end":{"line":118,"column":1}}},"8":{"name":"(anonymous_16)","decl":{"start":{"line":121,"column":55},"end":{"line":121,"column":62}},"loc":{"start":{"line":121,"column":93},"end":{"line":131,"column":2}}},"9":{"name":"(anonymous_17)","decl":{"start":{"line":121,"column":93},"end":{"line":121,"column":null}},"loc":{"start":{"line":121,"column":93},"end":{"line":131,"column":1}}},"10":{"name":"(anonymous_18)","decl":{"start":{"line":134,"column":58},"end":{"line":134,"column":65}},"loc":{"start":{"line":134,"column":96},"end":{"line":152,"column":2}}},"11":{"name":"(anonymous_19)","decl":{"start":{"line":134,"column":96},"end":{"line":134,"column":null}},"loc":{"start":{"line":134,"column":96},"end":{"line":152,"column":1}}},"12":{"name":"(anonymous_20)","decl":{"start":{"line":155,"column":58},"end":{"line":155,"column":65}},"loc":{"start":{"line":155,"column":96},"end":{"line":165,"column":2}}},"13":{"name":"(anonymous_21)","decl":{"start":{"line":155,"column":96},"end":{"line":155,"column":null}},"loc":{"start":{"line":155,"column":96},"end":{"line":165,"column":1}}},"14":{"name":"(anonymous_22)","decl":{"start":{"line":168,"column":65},"end":{"line":168,"column":72}},"loc":{"start":{"line":168,"column":103},"end":{"line":197,"column":2}}},"15":{"name":"(anonymous_23)","decl":{"start":{"line":168,"column":103},"end":{"line":168,"column":null}},"loc":{"start":{"line":168,"column":103},"end":{"line":197,"column":1}}},"16":{"name":"(anonymous_24)","decl":{"start":{"line":200,"column":64},"end":{"line":200,"column":71}},"loc":{"start":{"line":200,"column":102},"end":{"line":214,"column":2}}},"17":{"name":"(anonymous_25)","decl":{"start":{"line":200,"column":102},"end":{"line":200,"column":null}},"loc":{"start":{"line":200,"column":102},"end":{"line":214,"column":1}}}},"branchMap":{"0":{"loc":{"start":{"line":12,"column":4},"end":{"line":14,"column":5}},"type":"if","locations":[{"start":{"line":12,"column":4},"end":{"line":14,"column":5}}]},"1":{"loc":{"start":{"line":12,"column":8},"end":{"line":12,"column":43}},"type":"binary-expr","locations":[{"start":{"line":12,"column":8},"end":{"line":12,"column":17}},{"start":{"line":12,"column":21},"end":{"line":12,"column":43}}]},"2":{"loc":{"start":{"line":38,"column":2},"end":{"line":40,"column":3}},"type":"if","locations":[{"start":{"line":38,"column":2},"end":{"line":40,"column":3}}]},"3":{"loc":{"start":{"line":47,"column":4},"end":{"line":54,"column":5}},"type":"if","locations":[{"start":{"line":47,"column":4},"end":{"line":54,"column":5}}]},"4":{"loc":{"start":{"line":74,"column":2},"end":{"line":76,"column":3}},"type":"if","locations":[{"start":{"line":74,"column":2},"end":{"line":76,"column":3}}]},"5":{"loc":{"start":{"line":81,"column":4},"end":{"line":88,"column":5}},"type":"if","locations":[{"start":{"line":81,"column":4},"end":{"line":88,"column":5}}]},"6":{"loc":{"start":{"line":143,"column":4},"end":{"line":145,"column":5}},"type":"if","locations":[{"start":{"line":143,"column":4},"end":{"line":145,"column":5}}]},"7":{"loc":{"start":{"line":171,"column":2},"end":{"line":173,"column":3}},"type":"if","locations":[{"start":{"line":171,"column":2},"end":{"line":173,"column":3}}]},"8":{"loc":{"start":{"line":171,"column":6},"end":{"line":171,"column":50}},"type":"binary-expr","locations":[{"start":{"line":171,"column":6},"end":{"line":171,"column":11}},{"start":{"line":171,"column":15},"end":{"line":171,"column":27}},{"start":{"line":171,"column":31},"end":{"line":171,"column":37}},{"start":{"line":171,"column":41},"end":{"line":171,"column":50}}]},"9":{"loc":{"start":{"line":178,"column":4},"end":{"line":180,"column":5}},"type":"if","locations":[{"start":{"line":178,"column":4},"end":{"line":180,"column":5}}]}},"s":{"0":2,"1":2,"2":2,"3":2,"4":2,"5":2,"6":2,"7":16,"8":0,"9":0,"10":0,"11":2,"12":2,"13":2,"14":0,"15":0,"16":0,"17":0,"18":0,"19":0,"20":0,"21":0,"22":0,"23":0,"24":0,"25":0,"26":0,"27":0,"28":2,"29":0,"30":0,"31":0,"32":0,"33":0,"34":0,"35":0,"36":0,"37":0,"38":0,"39":0,"40":0,"41":0,"42":0,"43":2,"44":0,"45":0,"46":0,"47":0,"48":0,"49":0,"50":0,"51":2,"52":0,"53":0,"54":0,"55":0,"56":0,"57":0,"58":2,"59":0,"60":0,"61":0,"62":0,"63":0,"64":0,"65":0,"66":0,"67":0,"68":2,"69":0,"70":0,"71":0,"72":0,"73":0,"74":0,"75":2,"76":0,"77":0,"78":0,"79":0,"80":0,"81":0,"82":0,"83":0,"84":0,"85":0,"86":0,"87":0,"88":2,"89":0,"90":0,"91":0,"92":0,"93":0,"94":0,"95":0,"96":2},"f":{"0":16,"1":0,"2":0,"3":0,"4":0,"5":0,"6":0,"7":0,"8":0,"9":0,"10":0,"11":0,"12":0,"13":0,"14":0,"15":0,"16":0,"17":0},"b":{"0":[0],"1":[0,0],"2":[0],"3":[0],"4":[0],"5":[0],"6":[0],"7":[0],"8":[0,0,0,0],"9":[0]}}
,"C:\\Users\\Windows\\marketplace\\server\\src\\routes\\authRoutes.ts": {"path":"C:\\Users\\Windows\\marketplace\\server\\src\\routes\\authRoutes.ts","statementMap":{"0":{"start":{"line":1,"column":0},"end":{"line":1,"column":53}},"1":{"start":{"line":2,"column":0},"end":{"line":2,"column":59}},"2":{"start":{"line":3,"column":0},"end":{"line":3,"column":30}},"3":{"start":{"line":4,"column":0},"end":{"line":4,"column":31}},"4":{"start":{"line":5,"column":0},"end":{"line":5,"column":46}},"5":{"start":{"line":6,"column":0},"end":{"line":6,"column":51}},"6":{"start":{"line":7,"column":0},"end":{"line":7,"column":36}},"7":{"start":{"line":8,"column":0},"end":{"line":8,"column":28}},"8":{"start":{"line":9,"column":0},"end":{"line":9,"column":59}},"9":{"start":{"line":10,"column":0},"end":{"line":10,"column":49}},"10":{"start":{"line":12,"column":15},"end":{"line":12,"column":33}},"11":{"start":{"line":13,"column":15},"end":{"line":13,"column":31}},"12":{"start":{"line":14,"column":15},"end":{"line":14,"column":67}},"13":{"start":{"line":17,"column":22},"end":{"line":20,"column":1}},"14":{"start":{"line":18,"column":21},"end":{"line":18,"column":52}},"15":{"start":{"line":19,"column":2},"end":{"line":19,"column":118}},"16":{"start":{"line":23,"column":0},"end":{"line":65,"column":2}},"17":{"start":{"line":35,"column":40},"end":{"line":64,"column":null}},"18":{"start":{"line":36,"column":44},"end":{"line":36,"column":52}},"19":{"start":{"line":37,"column":27},"end":{"line":37,"column":46}},"20":{"start":{"line":39,"column":19},"end":{"line":39,"column":40}},"21":{"start":{"line":40,"column":4},"end":{"line":42,"column":5}},"22":{"start":{"line":41,"column":6},"end":{"line":41,"column":62}},"23":{"start":{"line":44,"column":4},"end":{"line":63,"column":5}},"24":{"start":{"line":45,"column":27},"end":{"line":45,"column":77}},"25":{"start":{"line":46,"column":6},"end":{"line":48,"column":7}},"26":{"start":{"line":47,"column":8},"end":{"line":47,"column":73}},"27":{"start":{"line":50,"column":29},"end":{"line":50,"column":60}},"28":{"start":{"line":51,"column":22},"end":{"line":53,"column":8}},"29":{"start":{"line":55,"column":6},"end":{"line":59,"column":9}},"30":{"start":{"line":61,"column":6},"end":{"line":61,"column":27}},"31":{"start":{"line":62,"column":6},"end":{"line":62,"column":66}},"32":{"start":{"line":68,"column":0},"end":{"line":115,"column":3}},"33":{"start":{"line":68,"column":70},"end":{"line":115,"column":2}},"34":{"start":{"line":69,"column":20},"end":{"line":69,"column":28}},"35":{"start":{"line":71,"column":2},"end":{"line":114,"column":3}},"36":{"start":{"line":72,"column":17},"end":{"line":72,"column":67}},"37":{"start":{"line":73,"column":4},"end":{"line":75,"column":5}},"38":{"start":{"line":74,"column":6},"end":{"line":74,"column":65}},"39":{"start":{"line":77,"column":23},"end":{"line":77,"column":61}},"40":{"start":{"line":78,"column":24},"end":{"line":78,"column":54}},"41":{"start":{"line":81,"column":4},"end":{"line":84,"column":7}},"42":{"start":{"line":87,"column":21},"end":{"line":87,"column":73}},"43":{"start":{"line":90,"column":24},"end":{"line":96,"column":6}},"44":{"start":{"line":99,"column":24},"end":{"line":106,"column":6}},"45":{"start":{"line":108,"column":4},"end":{"line":108,"column":44}},"46":{"start":{"line":110,"column":4},"end":{"line":110,"column":80}},"47":{"start":{"line":112,"column":4},"end":{"line":112,"column":25}},"48":{"start":{"line":113,"column":4},"end":{"line":113,"column":80}},"49":{"start":{"line":118,"column":0},"end":{"line":145,"column":3}},"50":{"start":{"line":118,"column":76},"end":{"line":145,"column":2}},"51":{"start":{"line":119,"column":20},"end":{"line":119,"column":30}},"52":{"start":{"line":120,"column":26},"end":{"line":120,"column":34}},"53":{"start":{"line":122,"column":2},"end":{"line":144,"column":3}},"54":{"start":{"line":123,"column":17},"end":{"line":128,"column":6}},"55":{"start":{"line":130,"column":4},"end":{"line":132,"column":5}},"56":{"start":{"line":131,"column":6},"end":{"line":131,"column":75}},"57":{"start":{"line":134,"column":27},"end":{"line":134,"column":61}},"58":{"start":{"line":135,"column":4},"end":{"line":138,"column":7}},"59":{"start":{"line":140,"column":4},"end":{"line":140,"column":67}},"60":{"start":{"line":142,"column":4},"end":{"line":142,"column":25}},"61":{"start":{"line":143,"column":4},"end":{"line":143,"column":80}},"62":{"start":{"line":148,"column":0},"end":{"line":197,"column":3}},"63":{"start":{"line":148,"column":60},"end":{"line":197,"column":2}},"64":{"start":{"line":149,"column":30},"end":{"line":149,"column":38}},"65":{"start":{"line":151,"column":2},"end":{"line":153,"column":3}},"66":{"start":{"line":152,"column":4},"end":{"line":152,"column":80}},"67":{"start":{"line":155,"column":2},"end":{"line":196,"column":3}},"68":{"start":{"line":156,"column":17},"end":{"line":156,"column":67}},"69":{"start":{"line":157,"column":4},"end":{"line":159,"column":5}},"70":{"start":{"line":158,"column":6},"end":{"line":158,"column":76}},"71":{"start":{"line":161,"column":20},"end":{"line":161,"column":65}},"72":{"start":{"line":163,"column":4},"end":{"line":165,"column":5}},"73":{"start":{"line":164,"column":6},"end":{"line":164,"column":76}},"74":{"start":{"line":167,"column":22},"end":{"line":167,"column":65}},"75":{"start":{"line":168,"column":18},"end":{"line":171,"column":null}},"76":{"start":{"line":174,"column":21},"end":{"line":174,"column":23}},"77":{"start":{"line":175,"column":2},"end":{"line":187,"column":3}},"78":{"start":{"line":177,"column":6},"end":{"line":177,"column":40}},"79":{"start":{"line":178,"column":6},"end":{"line":178,"column":12}},"80":{"start":{"line":180,"column":6},"end":{"line":180,"column":41}},"81":{"start":{"line":181,"column":6},"end":{"line":181,"column":12}},"82":{"start":{"line":183,"column":6},"end":{"line":183,"column":43}},"83":{"start":{"line":184,"column":6},"end":{"line":184,"column":12}},"84":{"start":{"line":186,"column":6},"end":{"line":186,"column":43}},"85":{"start":{"line":188,"column":4},"end":{"line":192,"column":7}},"86":{"start":{"line":194,"column":4},"end":{"line":194,"column":50}},"87":{"start":{"line":195,"column":4},"end":{"line":195,"column":58}},"88":{"start":{"line":200,"column":0},"end":{"line":251,"column":3}},"89":{"start":{"line":200,"column":67},"end":{"line":251,"column":2}},"90":{"start":{"line":201,"column":20},"end":{"line":201,"column":28}},"91":{"start":{"line":203,"column":2},"end":{"line":205,"column":3}},"92":{"start":{"line":204,"column":4},"end":{"line":204,"column":66}},"93":{"start":{"line":207,"column":2},"end":{"line":250,"column":3}},"94":{"start":{"line":208,"column":19},"end":{"line":211,"column":6}},"95":{"start":{"line":
[...]
,"C:\\Users\\Windows\\marketplace\\server\\src\\routes\\customerRoutes.ts": {"path":"C:\\Users\\Windows\\marketplace\\server\\src\\routes\\customerRoutes.ts","statementMap":{"0":{"start":{"line":1,"column":0},"end":{"line":1,"column":67}},"1":{"start":{"line":2,"column":0},"end":{"line":2,"column":44}},"2":{"start":{"line":3,"column":0},"end":{"line":3,"column":59}},"3":{"start":{"line":5,"column":15},"end":{"line":5,"column":31}},"4":{"start":{"line":8,"column":22},"end":{"line":13,"column":1}},"5":{"start":{"line":9,"column":2},"end":{"line":11,"column":3}},"6":{"start":{"line":10,"column":4},"end":{"line":10,"column":95}},"7":{"start":{"line":12,"column":2},"end":{"line":12,"column":9}},"8":{"start":{"line":16,"column":0},"end":{"line":37,"column":3}},"9":{"start":{"line":16,"column":92},"end":{"line":37,"column":2}},"10":{"start":{"line":17,"column":2},"end":{"line":36,"column":3}},"11":{"start":{"line":18,"column":4},"end":{"line":20,"column":5}},"12":{"start":{"line":19,"column":6},"end":{"line":19,"column":73}},"13":{"start":{"line":23,"column":25},"end":{"line":26,"column":6}},"14":{"start":{"line":28,"column":4},"end":{"line":30,"column":5}},"15":{"start":{"line":29,"column":6},"end":{"line":29,"column":75}},"16":{"start":{"line":32,"column":4},"end":{"line":32,"column":39}},"17":{"start":{"line":34,"column":4},"end":{"line":34,"column":63}},"18":{"start":{"line":35,"column":4},"end":{"line":35,"column":63}},"19":{"start":{"line":40,"column":0},"end":{"line":56,"column":3}},"20":{"start":{"line":40,"column":89},"end":{"line":56,"column":2}},"21":{"start":{"line":41,"column":2},"end":{"line":55,"column":3}},"22":{"start":{"line":42,"column":4},"end":{"line":44,"column":5}},"23":{"start":{"line":43,"column":6},"end":{"line":43,"column":73}},"24":{"start":{"line":47,"column":19},"end":{"line":49,"column":6}},"25":{"start":{"line":51,"column":4},"end":{"line":51,"column":33}},"26":{"start":{"line":53,"column":4},"end":{"line":53,"column":51}},"27":{"start":{"line":54,"column":4},"end":{"line":54,"column":63}},"28":{"start":{"line":59,"column":0},"end":{"line":79,"column":3}},"29":{"start":{"line":59,"column":90},"end":{"line":79,"column":2}},"30":{"start":{"line":60,"column":2},"end":{"line":78,"column":3}},"31":{"start":{"line":61,"column":4},"end":{"line":63,"column":5}},"32":{"start":{"line":62,"column":6},"end":{"line":62,"column":73}},"33":{"start":{"line":66,"column":28},"end":{"line":68,"column":6}},"34":{"start":{"line":70,"column":4},"end":{"line":72,"column":5}},"35":{"start":{"line":71,"column":6},"end":{"line":71,"column":69}},"36":{"start":{"line":74,"column":4},"end":{"line":74,"column":42}},"37":{"start":{"line":76,"column":4},"end":{"line":76,"column":61}},"38":{"start":{"line":77,"column":4},"end":{"line":77,"column":63}},"39":{"start":{"line":81,"column":0},"end":{"line":81,"column":22}}},"fnMap":{"0":{"name":"(anonymous_8)","decl":{"start":{"line":8,"column":22},"end":{"line":8,"column":23}},"loc":{"start":{"line":8,"column":74},"end":{"line":13,"column":1}}},"1":{"name":"(anonymous_9)","decl":{"start":{"line":16,"column":54},"end":{"line":16,"column":61}},"loc":{"start":{"line":16,"column":92},"end":{"line":37,"column":2}}},"2":{"name":"(anonymous_10)","decl":{"start":{"line":16,"column":92},"end":{"line":16,"column":null}},"loc":{"start":{"line":16,"column":92},"end":{"line":37,"column":1}}},"3":{"name":"(anonymous_11)","decl":{"start":{"line":40,"column":51},"end":{"line":40,"column":58}},"loc":{"start":{"line":40,"column":89},"end":{"line":56,"column":2}}},"4":{"name":"(anonymous_12)","decl":{"start":{"line":40,"column":89},"end":{"line":40,"column":null}},"loc":{"start":{"line":40,"column":89},"end":{"line":56,"column":1}}},"5":{"name":"(anonymous_13)","decl":{"start":{"line":59,"column":52},"end":{"line":59,"column":59}},"loc":{"start":{"line":59,"column":90},"end":{"line":79,"column":2}}},"6":{"name":"(anonymous_14)","decl":{"start":{"line":59,"column":90},"end":{"line":59,"column":null}},"loc":{"start":{"line":59,"column":90},"end":{"line":79,"column":1}}}},"branchMap":{"0":{"loc":{"start":{"line":9,"column":2},"end":{"line":11,"column":3}},"type":"if","locations":[{"start":{"line":9,"column":2},"end":{"line":11,"column":3}}]},"1":{"loc":{"start":{"line":9,"column":6},"end":{"line":9,"column":47}},"type":"binary-expr","locations":[{"start":{"line":9,"column":6},"end":{"line":9,"column":15}},{"start":{"line":9,"column":19},"end":{"line":9,"column":47}}]},"2":{"loc":{"start":{"line":18,"column":4},"end":{"line":20,"column":5}},"type":"if","locations":[{"start":{"line":18,"column":4},"end":{"line":20,"column":5}}]},"3":{"loc":{"start":{"line":28,"column":4},"end":{"line":30,"column":5}},"type":"if","locations":[{"start":{"line":28,"column":4},"end":{"line":30,"column":5}}]},"4":{"loc":{"start":{"line":42,"column":4},"end":{"line":44,"column":5}},"type":"if","locations":[{"start":{"line":42,"column":4},"end":{"line":44,"column":5}}]},"5":{"loc":{"start":{"line":61,"column":4},"end":{"line":63,"column":5}},"type":"if","locations":[{"start":{"line":61,"column":4},"end":{"line":63,"column":5}}]},"6":{"loc":{"start":{"line":70,"column":4},"end":{"line":72,"column":5}},"type":"if","locations":[{"start":{"line":70,"column":4},"end":{"line":72,"column":5}}]}},"s":{"0":2,"1":2,"2":2,"3":2,"4":2,"5":0,"6":0,"7":0,"8":2,"9":0,"10":0,"11":0,"12":0,"13":0,"14":0,"15":0,"16":0,"17":0,"18":0,"19":2,"20":0,"21":0,"22":0,"23":0,"24":0,"25":0,"26":0,"27":0,"28":2,"29":0,"30":0,"31":0,"32":0,"33":0,"34":0,"35":0,"36":0,"37":0,"38":0,"39":2},"f":{"0":0,"1":0,"2":0,"3":0,"4":0,"5":0,"6":0},"b":{"0":[0],"1":[0,0],"2":[0],"3":[0],"4":[0],"5":[0],"6":[0]}}
,"C:\\Users\\Windows\\marketplace\\server\\src\\routes\\orderRoutes.ts": {"path":"C:\\Users\\Windows\\marketplace\\server\\src\\routes\\orderRoutes.ts","statementMap":{"0":{"start":{"line":1,"column":0},"end":{"line":1,"column":53}},"1":{"start":{"line":2,"column":0},"end":{"line":2,"column":null}},"2":{"start":{"line":10,"column":15},"end":{"line":10,"column":31}},"3":{"start":{"line":13,"column":0},"end":{"line":15,"column":3}},"4":{"start":{"line":13,"column":55},"end":{"line":15,"column":2}},"5":{"start":{"line":14,"column":2},"end":{"line":14,"column":30}},"6":{"start":{"line":18,"column":0},"end":{"line":20,"column":3}},"7":{"start":{"line":18,"column":54},"end":{"line":20,"column":2}},"8":{"start":{"line":19,"column":2},"end":{"line":19,"column":31}},"9":{"start":{"line":23,"column":0},"end":{"line":25,"column":3}},"10":{"start":{"line":23,"column":57},"end":{"line":25,"column":2}},"11":{"start":{"line":24,"column":2},"end":{"line":24,"column":31}},"12":{"start":{"line":28,"column":0},"end":{"line":30,"column":3}},"13":{"start":{"line":28,"column":57},"end":{"line":30,"column":2}},"14":{"start":{"line":29,"column":2},"end":{"line":29,"column":30}},"15":{"start":{"line":33,"column":0},"end":{"line":35,"column":3}},"16":{"start":{"line":33,"column":60},"end":{"line":35,"column":2}},"17":{"start":{"line":34,"column":2},"end":{"line":34,"column":30}},"18":{"start":{"line":37,"column":0},"end":{"line":37,"column":22}}},"fnMap":{"0":{"name":"(anonymous_8)","decl":{"start":{"line":13,"column":17},"end":{"line":13,"column":24}},"loc":{"start":{"line":13,"column":55},"end":{"line":15,"column":2}}},"1":{"name":"(anonymous_9)","decl":{"start":{"line":13,"column":55},"end":{"line":13,"column":null}},"loc":{"start":{"line":13,"column":55},"end":{"line":15,"column":1}}},"2":{"name":"(anonymous_10)","decl":{"start":{"line":18,"column":16},"end":{"line":18,"column":23}},"loc":{"start":{"line":18,"column":54},"end":{"line":20,"column":2}}},"3":{"name":"(anonymous_11)","decl":{"start":{"line":18,"column":54},"end":{"line":18,"column":null}},"loc":{"start":{"line":18,"column":54},"end":{"line":20,"column":1}}},"4":{"name":"(anonymous_12)","decl":{"start":{"line":23,"column":19},"end":{"line":23,"column":26}},"loc":{"start":{"line":23,"column":57},"end":{"line":25,"column":2}}},"5":{"name":"(anonymous_13)","decl":{"start":{"line":23,"column":57},"end":{"line":23,"column":null}},"loc":{"start":{"line":23,"column":57},"end":{"line":25,"column":1}}},"6":{"name":"(anonymous_14)","decl":{"start":{"line":28,"column":19},"end":{"line":28,"column":26}},"loc":{"start":{"line":28,"column":57},"end":{"line":30,"column":2}}},"7":{"name":"(anonymous_15)","decl":{"start":{"line":28,"column":57},"end":{"line":28,"column":null}},"loc":{"start":{"line":28,"column":57},"end":{"line":30,"column":1}}},"8":{"name":"(anonymous_16)","decl":{"start":{"line":33,"column":22},"end":{"line":33,"column":29}},"loc":{"start":{"line":33,"column":60},"end":{"line":35,"column":2}}},"9":{"name":"(anonymous_17)","decl":{"start":{"line":33,"column":60},"end":{"line":33,"column":null}},"loc":{"start":{"line":33,"column":60},"end":{"line":35,"column":1}}}},"branchMap":{},"s":{"0":2,"1":2,"2":2,"3":2,"4":0,"5":0,"6":2,"7":0,"8":0,"9":2,"10":0,"11":0,"12":2,"13":0,"14":0,"15":2,"16":0,"17":0,"18":2},"f":{"0":0,"1":0,"2":0,"3":0,"4":0,"5":0,"6":0,"7":0,"8":0,"9":0},"b":{}}
,"C:\\Users\\Windows\\marketplace\\server\\src\\routes\\productReviewRoutes.ts": {"path":"C:\\Users\\Windows\\marketplace\\server\\src\\routes\\productReviewRoutes.ts","statementMap":{"0":{"start":{"line":1,"column":0},"end":{"line":1,"column":33}},"1":{"start":{"line":2,"column":0},"end":{"line":2,"column":93}},"2":{"start":{"line":4,"column":15},"end":{"line":4,"column":23}},"3":{"start":{"line":7,"column":0},"end":{"line":7,"column":49}},"4":{"start":{"line":10,"column":0},"end":{"line":10,"column":57}},"5":{"start":{"line":12,"column":0},"end":{"line":12,"column":22}}},"fnMap":{},"branchMap":{},"s":{"0":2,"1":2,"2":2,"3":2,"4":2,"5":2},"f":{},"b":{}}
,"C:\\Users\\Windows\\marketplace\\server\\src\\routes\\productRoutes.ts": {"path":"C:\\Users\\Windows\\marketplace\\server\\src\\routes\\productRoutes.ts","statementMap":{"0":{"start":{"line":1,"column":0},"end":{"line":1,"column":30}},"1":{"start":{"line":2,"column":0},"end":{"line":2,"column":81}},"2":{"start":{"line":5,"column":15},"end":{"line":5,"column":31}},"3":{"start":{"line":8,"column":0},"end":{"line":8,"column":32}},"4":{"start":{"line":9,"column":0},"end":{"line":9,"column":32}},"5":{"start":{"line":12,"column":0},"end":{"line":12,"column":22}}},"fnMap":{},"branchMap":{},"s":{"0":2,"1":2,"2":2,"3":2,"4":2,"5":2},"f":{},"b":{}}
,"C:\\Users\\Windows\\marketplace\\server\\src\\routes\\reviewRoutes.ts": {"path":"C:\\Users\\Windows\\marketplace\\server\\src\\routes\\reviewRoutes.ts","statementMap":{"0":{"start":{"line":1,"column":0},"end":{"line":1,"column":33}},"1":{"start":{"line":2,"column":0},"end":{"line":2,"column":89}},"2":{"start":{"line":4,"column":15},"end":{"line":4,"column":23}},"3":{"start":{"line":7,"column":0},"end":{"line":7,"column":52}},"4":{"start":{"line":10,"column":0},"end":{"line":10,"column":53}},"5":{"start":{"line":12,"column":0},"end":{"line":12,"column":22}}},"fnMap":{},"branchMap":{},"s":{"0":2,"1":2,"2":2,"3":2,"4":2,"5":2},"f":{},"b":{}}
,"C:\\Users\\Windows\\marketplace\\server\\src\\routes\\storeRoutes.ts": {"path":"C:\\Users\\Windows\\marketplace\\server\\src\\routes\\storeRoutes.ts","statementMap":{"0":{"start":{"line":1,"column":0},"end":{"line":1,"column":33}},"1":{"start":{"line":2,"column":0},"end":{"line":2,"column":72}},"2":{"start":{"line":4,"column":15},"end":{"line":4,"column":23}},"3":{"start":{"line":6,"column":0},"end":{"line":6,"column":27}},"4":{"start":{"line":7,"column":0},"end":{"line":7,"column":30}},"5":{"start":{"line":9,"column":0},"end":{"line":9,"column":22}}},"fnMap":{},"branchMap":{},"s":{"0":2,"1":2,"2":2,"3":2,"4":2,"5":2},"f":{},"b":{}}
,"C:\\Users\\Windows\\marketplace\\server\\src\\routes\\userRoutes.ts": {"path":"C:\\Users\\Windows\\marketplace\\server\\src\\routes\\userRoutes.ts","statementMap":{"0":{"start":{"line":1,"column":0},"end":{"line":1,"column":30}},"1":{"start":{"line":2,"column":0},"end":{"line":2,"column":105}},"2":{"start":{"line":3,"column":0},"end":{"line":3,"column":113}},"3":{"start":{"line":4,"column":0},"end":{"line":4,"column":94}},"4":{"start":{"line":5,"column":0},"end":{"line":5,"column":59}},"5":{"start":{"line":6,"column":0},"end":{"line":6,"column":50}},"6":{"start":{"line":9,"column":15},"end":{"line":9,"column":31}},"7":{"start":{"line":12,"column":0},"end":{"line":12,"column":85}},"8":{"start":{"line":13,"column":0},"end":{"line":13,"column":83}},"9":{"start":{"line":14,"column":0},"end":{"line":14,"column":88}},"10":{"start":{"line":17,"column":0},"end":{"line":17,"column":91}},"11":{"start":{"line":18,"column":0},"end":{"line":18,"column":89}},"12":{"start":{"line":19,"column":0},"end":{"line":19,"column":94}},"13":{"start":{"line":22,"column":0},"end":{"line":22,"column":76}},"14":{"start":{"line":23,"column":0},"end":{"line":23,"column":78}},"15":{"start":{"line":24,"column":0},"end":{"line":24,"column":81}},"16":{"start":{"line":26,"column":0},"end":{"line":26,"column":22}}},"fnMap":{},"branchMap":{},"s":{"0":2,"1":2,"2":2,"3":2,"4":2,"5":2,"6":2,"7":2,"8":2,"9":2,"10":2,"11":2,"12":2,"13":2,"14":2,"15":2,"16":2},"f":{},"b":{}}
,"C:\\Users\\Windows\\marketplace\\server\\src\\routes\\vendorRoutes.ts": {"path":"C:\\Users\\Windows\\marketplace\\server\\src\\routes\\vendorRoutes.ts","statementMap":{"0":{"start":{"line":1,"column":0},"end":{"line":1,"column":67}},"1":{"start":{"line":2,"column":0},"end":{"line":2,"column":44}},"2":{"start":{"line":3,"column":0},"end":{"line":3,"column":60}},"3":{"start":{"line":15,"column":15},"end":{"line":15,"column":31}},"4":{"start":{"line":18,"column":20},"end":{"line":23,"column":1}},"5":{"start":{"line":19,"column":2},"end":{"line":21,"column":3}},"6":{"start":{"line":20,"column":4},"end":{"line":20,"column":93}},"7":{"start":{"line":22,"column":2},"end":{"line":22,"column":9}},"8":{"start":{"line":26,"column":0},"end":{"line":46,"column":3}},"9":{"start":{"line":26,"column":89},"end":{"line":46,"column":2}},"10":{"start":{"line":27,"column":2},"end":{"line":45,"column":3}},"11":{"start":{"line":28,"column":4},"end":{"line":30,"column":5}},"12":{"start":{"line":29,"column":6},"end":{"line":29,"column":73}},"13":{"start":{"line":32,"column":23},"end":{"line":35,"column":6}},"14":{"start":{"line":37,"column":4},"end":{"line":39,"column":5}},"15":{"start":{"line":38,"column":6},"end":{"line":38,"column":73}},"16":{"start":{"line":41,"column":4},"end":{"line":41,"column":37}},"17":{"start":{"line":43,"column":4},"end":{"line":43,"column":61}},"18":{"start":{"line":44,"column":4},"end":{"line":44,"column":63}},"19":{"start":{"line":49,"column":0},"end":{"line":80,"column":3}},"20":{"start":{"line":49,"column":95},"end":{"line":80,"column":2}},"21":{"start":{"line":50,"column":49},"end":{"line":50,"column":57}},"22":{"start":{"line":52,"column":2},"end":{"line":54,"column":3}},"23":{"start":{"line":53,"column":4},"end":{"line":53,"column":108}},"24":{"start":{"line":56,"column":2},"end":{"line":58,"column":3}},"25":{"start":{"line":57,"column":4},"end":{"line":57,"column":71}},"26":{"start":{"line":60,"column":2},"end":{"line":79,"column":3}},"27":{"start":{"line":61,"column":4},"end":{"line":63,"column":5}},"28":{"start":{"line":62,"column":6},"end":{"line":62,"column":73}},"29":{"start":{"line":65,"column":23},"end":{"line":73,"column":6}},"30":{"start":{"line":75,"column":4},"end":{"line":75,"column":82}},"31":{"start":{"line":77,"column":4},"end":{"line":77,"column":52}},"32":{"start":{"line":78,"column":4},"end":{"line":78,"column":64}},"33":{"start":{"line":82,"column":0},"end":{"line":82,"column":22}}},"fnMap":{"0":{"name":"(anonymous_8)","decl":{"start":{"line":18,"column":20},"end":{"line":18,"column":21}},"loc":{"start":{"line":18,"column":72},"end":{"line":23,"column":1}}},"1":{"name":"(anonymous_9)","decl":{"start":{"line":26,"column":51},"end":{"line":26,"column":58}},"loc":{"start":{"line":26,"column":89},"end":{"line":46,"column":2}}},"2":{"name":"(anonymous_10)","decl":{"start":{"line":26,"column":89},"end":{"line":26,"column":null}},"loc":{"start":{"line":26,"column":89},"end":{"line":46,"column":1}}},"3":{"name":"(anonymous_11)","decl":{"start":{"line":49,"column":57},"end":{"line":49,"column":64}},"loc":{"start":{"line":49,"column":95},"end":{"line":80,"column":2}}},"4":{"name":"(anonymous_12)","decl":{"start":{"line":49,"column":95},"end":{"line":49,"column":null}},"loc":{"start":{"line":49,"column":95},"end":{"line":80,"column":1}}}},"branchMap":{"0":{"loc":{"start":{"line":19,"column":2},"end":{"line":21,"column":3}},"type":"if","locations":[{"start":{"line":19,"column":2},"end":{"line":21,"column":3}}]},"1":{"loc":{"start":{"line":19,"column":6},"end":{"line":19,"column":45}},"type":"binary-expr","locations":[{"start":{"line":19,"column":6},"end":{"line":19,"column":15}},{"start":{"line":19,"column":19},"end":{"line":19,"column":45}}]},"2":{"loc":{"start":{"line":28,"column":4},"end":{"line":30,"column":5}},"type":"if","locations":[{"start":{"line":28,"column":4},"end":{"line":30,"column":5}}]},"3":{"loc":{"start":{"line":37,"column":4},"end":{"line":39,"column":5}},"type":"if","locations":[{"start":{"line":37,"column":4},"end":{"line":39,"column":5}}]},"4":{"loc":{"start":{"line":52,"column":2},"end":{"line":54,"column":3}},"type":"if","locations":[{"start":{"line":52,"column":2},"end":{"line":54,"column":3}}]},"5":{"loc":{"start":{"line":52,"column":6},"end":{"line":52,"column":50}},"type":"binary-expr","locations":[{"start":{"line":52,"column":6},"end":{"line":52,"column":11}},{"start":{"line":52,"column":15},"end":{"line":52,"column":21}},{"start":{"line":52,"column":25},"end":{"line":52,"column":37}},{"start":{"line":52,"column":41},"end":{"line":52,"column":50}}]},"6":{"loc":{"start":{"line":56,"column":2},"end":{"line":58,"column":3}},"type":"if","locations":[{"start":{"line":56,"column":2},"end":{"line":58,"column":3}}]},"7":{"loc":{"start":{"line":61,"column":4},"end":{"line":63,"column":5}},"type":"if","locations":[{"start":{"line":61,"column":4},"end":{"line":63,"column":5}}]}},"s":{"0":2,"1":2,"2":2,"3":2,"4":2,"5":0,"6":0,"7":0,"8":2,"9":0,"10":0,"11":0,"12":0,"13":0,"14":0,"15":0,"16":0,"17":0,"18":0,"19":2,"20":0,"21":0,"22":0,"23":0,"24":0,"25":0,"26":0,"27":0,"28":0,"29":0,"30":0,"31":0,"32":0,"33":2},"f":{"0":0,"1":0,"2":0,"3":0,"4":0},"b":{"0":[0],"1":[0,0],"2":[0],"3":[0],"4":[0],"5":[0,0,0,0],"6":[0],"7":[0]}}
,"C:\\Users\\Windows\\marketplace\\server\\src\\routes\\wishlistRoutes.ts": {"path":"C:\\Users\\Windows\\marketplace\\server\\src\\routes\\wishlistRoutes.ts","statementMap":{"0":{"start":{"line":1,"column":0},"end":{"line":1,"column":33}},"1":{"start":{"line":4,"column":15},"end":{"line":4,"column":23}},"2":{"start":{"line":7,"column":0},"end":{"line":10,"column":3}},"3":{"start":{"line":9,"column":2},"end":{"line":9,"column":62}},"4":{"start":{"line":13,"column":0},"end":{"line":17,"column":3}},"5":{"start":{"line":14,"column":21},"end":{"line":14,"column":31}},"6":{"start":{"line":16,"column":2},"end":{"line":16,"column":76}},"7":{"start":{"line":20,"column":0},"end":{"line":24,"column":3}},"8":{"start":{"line":21,"column":21},"end":{"line":21,"column":31}},"9":{"start":{"line":23,"column":2},"end":{"line":23,"column":76}},"10":{"start":{"line":26,"column":0},"end":{"line":26,"column":22}}},"fnMap":{"0":{"name":"(anonymous_0)","decl":{"start":{"line":7,"column":20},"end":{"line":7,"column":21}},"loc":{"start":{"line":7,"column":33},"end":{"line":10,"column":1}}},"1":{"name":"(anonymous_1)","decl":{"start":{"line":13,"column":23},"end":{"line":13,"column":24}},"loc":{"start":{"line":13,"column":36},"end":{"line":17,"column":1}}},"2":{"name":"(anonymous_2)","decl":{"start":{"line":20,"column":33},"end":{"line":20,"column":34}},"loc":{"start":{"line":20,"column":46},"end":{"line":24,"column":1}}}},"branchMap":{},"s":{"0":2,"1":2,"2":2,"3":0,"4":2,"5":0,"6":0,"7":2,"8":0,"9":0,"10":2},"f":{"0":0,"1":0,"2":0},"b":{}}
}
