TN:
SF:src\server.ts
FN:74,(anonymous_8)
FN:79,(anonymous_9)
FN:94,(anonymous_10)
FN:97,(anonymous_11)
FN:104,(anonymous_12)
FN:109,(anonymous_13)
FN:115,(anonymous_14)
FN:115,(anonymous_15)
FN:119,(anonymous_16)
FN:125,(anonymous_17)
FN:125,(anonymous_18)
FN:129,(anonymous_19)
FN:136,(anonymous_20)
FN:141,(anonymous_21)
FN:147,(anonymous_22)
FNF:15
FNH:2
FNDA:0,(anonymous_8)
FNDA:5,(anonymous_9)
FNDA:0,(anonymous_10)
FNDA:0,(anonymous_11)
FNDA:0,(anonymous_12)
FNDA:0,(anonymous_13)
FNDA:0,(anonymous_14)
FNDA:0,(anonymous_15)
FNDA:0,(anonymous_16)
FNDA:0,(anonymous_17)
FNDA:0,(anonymous_18)
FNDA:0,(anonymous_19)
FNDA:0,(anonymous_20)
FNDA:0,(anonymous_21)
FNDA:2,(anonymous_22)
DA:1,2
DA:2,2
DA:3,2
DA:4,2
DA:5,2
DA:6,2
DA:7,2
DA:8,2
DA:9,2
DA:10,2
DA:11,2
DA:12,2
DA:13,2
DA:14,2
DA:15,2
DA:16,2
DA:17,2
DA:18,2
DA:19,2
DA:20,2
DA:21,2
DA:22,2
DA:23,2
DA:24,2
DA:26,2
DA:27,2
DA:30,2
DA:38,2
DA:43,2
DA:46,2
DA:50,2
DA:51,2
DA:52,2
DA:55,2
DA:58,2
DA:59,2
DA:60,2
DA:61,2
DA:62,2
DA:63,2
DA:64,2
DA:65,2
DA:66,2
DA:67,2
DA:68,2
DA:69,2
DA:70,2
DA:71,2
DA:74,2
DA:75,0
DA:79,2
DA:80,5
DA:81,5
DA:82,0
DA:84,5
DA:85,0
DA:87,5
DA:88,0
DA:90,5
DA:94,2
DA:95,0
DA:97,0
DA:98,0
DA:99,0
DA:101,0
DA:104,0
DA:105,0
DA:106,0
DA:109,0
DA:110,0
DA:115,2
DA:116,0
DA:117,0
DA:118,0
DA:119,0
DA:120,0
DA:121,0
DA:125,2
DA:126,0
DA:127,0
DA:128,0
DA:129,0
DA:130,0
DA:131,0
DA:136,2
DA:137,0
DA:138,0
DA:141,2
DA:142,0
DA:143,0
DA:147,2
DA:148,2
DA:151,2
LF:93
LH:63
BRDA:32,0,0,2
BRDA:32,0,1,2
BRDA:47,1,0,2
BRDA:47,1,1,2
BRDA:81,2,0,0
BRDA:84,3,0,0
BRDA:87,4,0,0
BRDA:147,5,0,2
BRDA:147,5,1,0
BRDA:148,6,0,2
BRDA:148,6,1,0
BRF:11
BRH:6
end_of_record
TN:
SF:src\controllers\adminController.ts
FN:7,(anonymous_7)
FN:7,(anonymous_8)
FN:18,(anonymous_9)
FN:18,(anonymous_10)
FN:29,(anonymous_11)
FN:29,(anonymous_12)
FNF:6
FNH:0
FNDA:0,(anonymous_7)
FNDA:0,(anonymous_8)
FNDA:0,(anonymous_9)
FNDA:0,(anonymous_10)
FNDA:0,(anonymous_11)
FNDA:0,(anonymous_12)
DA:2,2
DA:4,2
DA:7,2
DA:8,0
DA:9,0
DA:10,0
DA:12,0
DA:13,0
DA:18,2
DA:19,0
DA:20,0
DA:21,0
DA:23,0
DA:24,0
DA:29,2
DA:30,0
DA:32,0
DA:33,0
DA:38,0
DA:44,0
DA:45,0
LF:21
LH:5
BRF:0
BRH:0
end_of_record
TN:
SF:src\controllers\categoryController.ts
FN:4,(anonymous_8)
FN:4,(anonymous_9)
FNF:2
FNH:0
FNDA:0,(anonymous_8)
FNDA:0,(anonymous_9)
DA:2,2
DA:4,2
DA:5,0
DA:6,0
DA:7,0
DA:9,0
DA:10,0
LF:7
LH:2
BRF:0
BRH:0
end_of_record
TN:
SF:src\controllers\customerController.ts
FN:7,(anonymous_7)
FN:7,(anonymous_8)
FN:26,(anonymous_9)
FN:26,(anonymous_10)
FN:41,(anonymous_11)
FN:41,(anonymous_12)
FNF:6
FNH:0
FNDA:0,(anonymous_7)
FNDA:0,(anonymous_8)
FNDA:0,(anonymous_9)
FNDA:0,(anonymous_10)
FNDA:0,(anonymous_11)
FNDA:0,(anonymous_12)
DA:2,2
DA:4,2
DA:7,2
DA:8,0
DA:9,0
DA:10,0
DA:14,0
DA:15,0
DA:18,0
DA:20,0
DA:21,0
DA:26,2
DA:27,0
DA:28,0
DA:29,0
DA:33,0
DA:35,0
DA:36,0
DA:41,2
DA:42,0
DA:44,0
DA:45,0
DA:47,0
DA:52,0
DA:58,0
DA:59,0
LF:26
LH:5
BRDA:9,0,0,0
BRDA:9,0,1,0
BRDA:9,1,0,0
BRDA:9,1,1,0
BRDA:14,2,0,0
BRDA:14,3,0,0
BRDA:14,3,1,0
BRDA:28,4,0,0
BRDA:28,4,1,0
BRDA:28,5,0,0
BRDA:28,5,1,0
BRDA:45,6,0,0
BRDA:45,6,1,0
BRDA:45,7,0,0
BRDA:45,7,1,0
BRF:15
BRH:0
end_of_record
TN:
SF:src\controllers\orderController.ts
FN:8,(anonymous_8)
FN:8,(anonymous_9)
FN:40,(anonymous_10)
FN:66,(anonymous_11)
FN:66,(anonymous_12)
FN:87,(anonymous_13)
FN:87,(anonymous_14)
FN:115,(anonymous_15)
FN:115,(anonymous_16)
FN:146,(anonymous_17)
FN:146,(anonymous_18)
FNF:11
FNH:0
FNDA:0,(anonymous_8)
FNDA:0,(anonymous_9)
FNDA:0,(anonymous_10)
FNDA:0,(anonymous_11)
FNDA:0,(anonymous_12)
FNDA:0,(anonymous_13)
FNDA:0,(anonymous_14)
FNDA:0,(anonymous_15)
FNDA:0,(anonymous_16)
FNDA:0,(anonymous_17)
FNDA:0,(anonymous_18)
DA:2,2
DA:3,2
DA:5,2
DA:8,2
DA:9,0
DA:10,0
DA:13,0
DA:32,0
DA:40,0
DA:58,0
DA:60,0
DA:61,0
DA:66,2
DA:67,0
DA:68,0
DA:79,0
DA:81,0
DA:82,0
DA:87,2
DA:88,0
DA:89,0
DA:91,0
DA:103,0
DA:104,0
DA:107,0
DA:109,0
DA:110,0
DA:115,2
DA:116,0
DA:117,0
DA:118,0
DA:120,0
DA:138,0
DA:140,0
DA:141,0
DA:146,2
DA:147,0
DA:148,0
DA:150,0
DA:154,0
DA:156,0
DA:157,0
LF:42
LH:8
BRDA:19,0,0,0
BRDA:19,0,1,0
BRDA:24,1,0,0
BRDA:24,1,1,0
BRDA:103,2,0,0
BRF:5
BRH:0
end_of_record
TN:
SF:src\controllers\productController.ts
FN:7,(anonymous_7)
FN:7,(anonymous_8)
FN:23,(anonymous_9)
FN:23,(anonymous_10)
FNF:4
FNH:0
FNDA:0,(anonymous_7)
FNDA:0,(anonymous_8)
FNDA:0,(anonymous_9)
FNDA:0,(anonymous_10)
DA:2,2
DA:4,2
DA:7,2
DA:8,0
DA:10,0
DA:15,0
DA:17,0
DA:18,0
DA:23,2
DA:24,0
DA:25,0
DA:28,0
DA:29,0
DA:30,0
DA:34,0
DA:44,0
DA:46,0
DA:47,0
LF:18
LH:4
BRDA:28,0,0,0
BRDA:28,1,0,0
BRDA:28,1,1,0
BRDA:28,1,2,0
BRDA:28,1,3,0
BRDA:40,2,0,0
BRDA:40,2,1,0
BRF:7
BRH:0
end_of_record
TN:
SF:src\controllers\productReviewController.ts
FN:7,(anonymous_7)
FN:7,(anonymous_8)
FN:44,(anonymous_9)
FN:44,(anonymous_10)
FNF:4
FNH:0
FNDA:0,(anonymous_7)
FNDA:0,(anonymous_8)
FNDA:0,(anonymous_9)
FNDA:0,(anonymous_10)
DA:2,2
DA:4,2
DA:7,2
DA:8,0
DA:9,0
DA:12,0
DA:13,0
DA:14,0
DA:18,0
DA:19,0
DA:21,0
DA:22,0
DA:23,0
DA:26,0
DA:27,0
DA:36,0
DA:38,0
DA:39,0
DA:44,2
DA:45,0
DA:48,0
DA:50,0
DA:51,0
DA:52,0
DA:55,0
DA:56,0
DA:62,0
DA:63,0
DA:64,0
DA:67,0
DA:69,0
DA:70,0
LF:32
LH:4
BRDA:12,0,0,0
BRDA:12,1,0,0
BRDA:12,1,1,0
BRDA:12,1,2,0
BRDA:21,2,0,0
BRDA:21,3,0,0
BRDA:21,3,1,0
BRDA:50,4,0,0
BRDA:62,5,0,0
BRF:9
BRH:0
end_of_record
TN:
SF:src\controllers\reviewController.ts
FN:7,(anonymous_7)
FN:7,(anonymous_8)
FN:29,(anonymous_9)
FN:29,(anonymous_10)
FNF:4
FNH:0
FNDA:0,(anonymous_7)
FNDA:0,(anonymous_8)
FNDA:0,(anonymous_9)
FNDA:0,(anonymous_10)
DA:2,2
DA:4,2
DA:7,2
DA:8,0
DA:9,0
DA:11,0
DA:12,0
DA:21,0
DA:23,0
DA:24,0
DA:29,2
DA:30,0
DA:32,0
DA:33,0
DA:38,0
DA:40,0
DA:41,0
LF:17
LH:4
BRF:0
BRH:0
end_of_record
TN:
SF:src\controllers\storeController.ts
FN:4,(anonymous_8)
FN:4,(anonymous_9)
FN:15,(anonymous_10)
FN:15,(anonymous_11)
FNF:4
FNH:0
FNDA:0,(anonymous_8)
FNDA:0,(anonymous_9)
FNDA:0,(anonymous_10)
FNDA:0,(anonymous_11)
DA:2,2
DA:4,2
DA:5,0
DA:6,0
DA:9,0
DA:11,0
DA:15,2
DA:16,0
DA:17,0
DA:18,0
DA:21,0
DA:23,0
LF:12
LH:3
BRF:0
BRH:0
end_of_record
TN:
SF:src\controllers\vendorController.ts
FN:7,(anonymous_7)
FN:7,(anonymous_8)
FN:30,(anonymous_9)
FN:30,(anonymous_10)
FN:68,(anonymous_11)
FN:68,(anonymous_12)
FNF:6
FNH:0
FNDA:0,(anonymous_7)
FNDA:0,(anonymous_8)
FNDA:0,(anonymous_9)
FNDA:0,(anonymous_10)
FNDA:0,(anonymous_11)
FNDA:0,(anonymous_12)
DA:2,2
DA:4,2
DA:7,2
DA:8,0
DA:9,0
DA:11,0
DA:12,0
DA:15,0
DA:19,0
DA:20,0
DA:23,0
DA:25,0
DA:26,0
DA:30,2
DA:31,0
DA:33,0
DA:34,0
DA:37,0
DA:39,0
DA:43,0
DA:44,0
DA:48,0
DA:54,0
DA:62,0
DA:63,0
DA:68,2
DA:69,0
DA:71,0
DA:72,0
DA:75,0
DA:76,0
DA:78,0
DA:79,0
DA:82,0
DA:87,0
DA:93,0
DA:94,0
LF:37
LH:5
BRDA:9,0,0,0
BRDA:9,0,1,0
BRDA:9,1,0,0
BRDA:9,1,1,0
BRDA:11,2,0,0
BRDA:19,3,0,0
BRDA:19,4,0,0
BRDA:19,4,1,0
BRDA:31,5,0,0
BRDA:31,5,1,0
BRDA:31,6,0,0
BRDA:31,6,1,0
BRDA:33,7,0,0
BRDA:43,8,0,0
BRDA:43,9,0,0
BRDA:43,9,1,0
BRDA:71,10,0,0
BRDA:71,11,0,0
BRDA:71,11,1,0
BRDA:76,12,0,0
BRDA:76,12,1,0
BRDA:76,13,0,0
BRDA:76,13,1,0
BRDA:78,14,0,0
BRF:24
BRH:0
end_of_record
TN:
SF:src\middlewares\authMiddleware.ts
FN:17,(anonymous_1)
FN:37,(anonymous_2)
FN:38,(anonymous_3)
FN:59,(anonymous_4)
FN:64,(anonymous_5)
FNF:5
FNH:1
FNDA:3,(anonymous_1)
FNDA:0,(anonymous_2)
FNDA:0,(anonymous_3)
FNDA:0,(anonymous_4)
FNDA:0,(anonymous_5)
DA:2,2
DA:17,2
DA:18,3
DA:20,0
DA:21,0
DA:24,0
DA:25,0
DA:26,0
DA:27,0
DA:29,0
DA:30,0
DA:32,0
DA:37,2
DA:38,0
DA:39,0
DA:40,0
DA:42,0
DA:43,0
DA:46,0
DA:47,0
DA:50,0
DA:51,0
DA:53,0
DA:59,2
DA:60,0
DA:64,2
DA:65,0
LF:27
LH:6
BRDA:18,0,0,0
BRDA:18,0,1,0
BRDA:18,1,0,3
BRDA:18,1,1,0
BRDA:20,2,0,0
BRDA:25,3,0,0
BRDA:25,3,1,0
BRDA:29,4,0,0
BRDA:39,5,0,0
BRDA:39,5,1,0
BRDA:39,6,0,0
BRDA:39,6,1,0
BRDA:40,7,0,0
BRDA:43,8,0,0
BRDA:43,8,1,0
BRDA:46,9,0,0
BRF:16
BRH:1
end_of_record
TN:
SF:src\middlewares\protectRoute.ts
FN:15,(anonymous_1)
FNF:1
FNH:0
FNDA:0,(anonymous_1)
DA:2,2
DA:15,2
DA:17,0
DA:19,0
DA:20,0
DA:23,0
DA:25,0
DA:28,0
DA:30,0
DA:32,0
DA:33,0
LF:11
LH:2
BRDA:17,0,0,0
BRDA:17,0,1,0
BRDA:17,1,0,0
BRDA:17,1,1,0
BRDA:19,2,0,0
BRDA:25,3,0,0
BRDA:25,3,1,0
BRF:7
BRH:0
end_of_record
TN:
SF:src\middlewares\roleGuard.ts
FN:3,(anonymous_0)
FN:4,(anonymous_1)
FN:13,(anonymous_2)
FNF:3
FNH:1
FNDA:22,(anonymous_0)
FNDA:0,(anonymous_1)
FNDA:0,(anonymous_2)
DA:3,2
DA:4,22
DA:5,0
DA:6,0
DA:9,0
DA:11,0
DA:12,0
DA:13,0
DA:15,0
DA:16,0
DA:18,0
DA:19,0
DA:22,0
DA:23,0
DA:27,0
DA:31,2
LF:16
LH:3
BRDA:3,0,0,22
BRDA:3,1,0,22
BRDA:5,2,0,0
BRDA:11,3,0,0
BRDA:11,3,1,0
BRDA:15,4,0,0
BRDA:18,5,0,0
BRDA:22,6,0,0
BRF:8
BRH:2
end_of_record
TN:
SF:src\prisma\prismaClient.ts
FNF:0
FNH:0
DA:2,2
DA:4,2
DA:6,2
LF:3
LH:3
BRF:0
BRH:0
end_of_record
TN:
SF:src\routes\adminRoutes.ts
FN:10,(anonymous_8)
FN:11,(anonymous_9)
FN:34,(anonymous_10)
FN:34,(anonymous_11)
FN:69,(anonymous_12)
FN:69,(anonymous_13)
FN:104,(anonymous_14)
FN:104,(anonymous_15)
FN:121,(anonymous_16)
FN:121,(anonymous_17)
FN:134,(anonymous_18)
FN:134,(anonymous_19)
FN:155,(anonymous_20)
FN:155,(anonymous_21)
FN:168,(anonymous_22)
FN:168,(anonymous_23)
FN:200,(anonymous_24)
FN:200,(anonymous_25)
FNF:18
FNH:1
FNDA:16,(anonymous_8)
FNDA:0,(anonymous_9)
FNDA:0,(anonymous_10)
FNDA:0,(anonymous_11)
FNDA:0,(anonymous_12)
FNDA:0,(anonymous_13)
FNDA:0,(anonymous_14)
FNDA:0,(anonymous_15)
FNDA:0,(anonymous_16)
FNDA:0,(anonymous_17)
FNDA:0,(anonymous_18)
FNDA:0,(anonymous_19)
FNDA:0,(anonymous_20)
FNDA:0,(anonymous_21)
FNDA:0,(anonymous_22)
FNDA:0,(anonymous_23)
FNDA:0,(anonymous_24)
FNDA:0,(anonymous_25)
DA:1,2
DA:2,2
DA:3,2
DA:4,2
DA:5,2
DA:7,2
DA:10,2
DA:11,16
DA:12,0
DA:13,0
DA:15,0
DA:20,2
DA:28,2
DA:34,2
DA:35,0
DA:37,0
DA:38,0
DA:39,0
DA:42,0
DA:43,0
DA:44,0
DA:47,0
DA:48,0
DA:56,0
DA:61,0
DA:63,0
DA:64,0
DA:69,2
DA:70,0
DA:71,0
DA:73,0
DA:74,0
DA:75,0
DA:78,0
DA:79,0
DA:81,0
DA:82,0
DA:90,0
DA:96,0
DA:98,0
DA:99,0
DA:104,2
DA:105,0
DA:107,0
DA:108,0
DA:113,0
DA:115,0
DA:116,0
DA:121,2
DA:122,0
DA:123,0
DA:126,0
DA:128,0
DA:129,0
DA:134,2
DA:135,0
DA:137,0
DA:138,0
DA:143,0
DA:144,0
DA:147,0
DA:149,0
DA:150,0
DA:155,2
DA:156,0
DA:157,0
DA:160,0
DA:162,0
DA:163,0
DA:168,2
DA:169,0
DA:171,0
DA:172,0
DA:175,0
DA:176,0
DA:178,0
DA:179,0
DA:182,0
DA:192,0
DA:194,0
DA:195,0
DA:200,2
DA:201,0
DA:203,0
DA:204,0
DA:209,0
DA:211,0
DA:212,0
DA:216,2
LF:89
LH:19
BRDA:12,0,0,0
BRDA:12,1,0,0
BRDA:12,1,1,0
BRDA:38,2,0,0
BRDA:47,3,0,0
BRDA:74,4,0,0
BRDA:81,5,0,0
BRDA:143,6,0,0
BRDA:171,7,0,0
BRDA:171,8,0,0
BRDA:171,8,1,0
BRDA:171,8,2,0
BRDA:171,8,3,0
BRDA:178,9,0,0
BRF:14
BRH:0
end_of_record
TN:
SF:src\routes\authRoutes.ts
FN:17,(anonymous_8)
FN:35,(anonymous_9)
FN:35,(anonymous_10)
FN:68,(anonymous_11)
FN:68,(anonymous_12)
FN:118,(anonymous_13)
FN:118,(anonymous_14)
FN:148,(anonymous_15)
FN:148,(anonymous_16)
FN:200,(anonymous_17)
FN:200,(anonymous_18)
FN:258,(anonymous_19)
FN:263,(anonymous_20)
FN:268,(anonymous_21)
FNF:14
FNH:0
FNDA:0,(anonymous_8)
FNDA:0,(anonymous_9)
FNDA:0,(anonymous_10)
FNDA:0,(anonymous_11)
FNDA:0,(anonymous_12)
FNDA:0,(anonymous_13)
FNDA:0,(anonymous_14)
FNDA:0,(anonymous_15)
FNDA:0,(anonymous_16)
FNDA:0,(anonymous_17)
FNDA:0,(anonymous_18)
FNDA:0,(anonymous_19)
FNDA:0,(anonymous_20)
FNDA:0,(anonymous_21)
DA:1,2
DA:2,2
DA:3,2
DA:4,2
DA:5,2
DA:6,2
DA:7,2
DA:8,2
DA:9,2
DA:10,2
DA:12,2
DA:13,2
DA:14,2
DA:17,2
DA:18,0
DA:19,0
DA:23,2
DA:35,0
DA:36,0
DA:37,0
DA:39,0
DA:40,0
DA:41,0
DA:44,0
DA:45,0
DA:46,0
DA:47,0
DA:50,0
DA:51,0
DA:55,0
DA:61,0
DA:62,0
DA:68,2
DA:69,0
DA:71,0
DA:72,0
DA:73,0
DA:74,0
DA:77,0
DA:78,0
DA:81,0
DA:87,0
DA:90,0
DA:99,0
DA:108,0
DA:110,0
DA:112,0
DA:113,0
DA:118,2
DA:119,0
DA:120,0
DA:122,0
DA:123,0
DA:130,0
DA:131,0
DA:134,0
DA:135,0
DA:140,0
DA:142,0
DA:143,0
DA:148,2
DA:149,0
DA:151,0
DA:152,0
DA:155,0
DA:156,0
DA:157,0
DA:158,0
DA:161,0
DA:163,0
DA:164,0
DA:167,0
DA:168,0
DA:174,0
DA:175,0
DA:177,0
DA:178,0
DA:180,0
DA:181,0
DA:183,0
DA:184,0
DA:186,0
DA:188,0
DA:194,0
DA:195,0
DA:200,2
DA:201,0
DA:203,0
DA:204,0
DA:207,0
DA:208,0
DA:213,0
DA:214,0
DA:216,0
DA:217,0
DA:220,0
DA:224,0
DA:225,0
DA:235,0
DA:236,0
DA:242,0
DA:248,0
DA:249,0
DA:258,2
DA:259,0
DA:263,2
DA:264,0
DA:268,2
DA:269,0
DA:270,0
DA:273,0
DA:276,2
LF:112
LH:23
BRDA:14,0,0,2
BRDA:14,0,1,0
BRDA:19,1,0,0
BRDA:19,1,1,0
BRDA:40,2,0,0
BRDA:46,3,0,0
BRDA:73,4,0,0
BRDA:130,5,0,0
BRDA:151,6,0,0
BRDA:151,7,0,0
BRDA:151,7,1,0
BRDA:157,8,0,0
BRDA:163,9,0,0
BRDA:167,10,0,0
BRDA:167,10,1,0
BRDA:175,11,0,0
BRDA:175,11,1,0
BRDA:175,11,2,0
BRDA:175,11,3,0
BRDA:203,12,0,0
BRDA:214,13,0,0
BRDA:214,13,1,0
BRDA:216,14,0,0
BRDA:216,15,0,0
BRDA:216,15,1,0
BRDA:224,16,0,0
BRDA:235,17,0,0
BRDA:235,17,1,0
BRDA:269,18,0,0
BRF:29
BRH:1
end_of_record
TN:
SF:src\routes\categoryRoutes.ts
FNF:0
FNH:0
DA:1,2
DA:2,2
DA:4,2
DA:7,2
DA:9,2
LF:5
LH:5
BRF:0
BRH:0
end_of_record
TN:
SF:src\routes\customerRoutes.ts
FN:8,(anonymous_8)
FN:16,(anonymous_9)
FN:16,(anonymous_10)
FN:40,(anonymous_11)
FN:40,(anonymous_12)
FN:59,(anonymous_13)
FN:59,(anonymous_14)
FNF:7
FNH:0
FNDA:0,(anonymous_8)
FNDA:0,(anonymous_9)
FNDA:0,(anonymous_10)
FNDA:0,(anonymous_11)
FNDA:0,(anonymous_12)
FNDA:0,(anonymous_13)
FNDA:0,(anonymous_14)
DA:1,2
DA:2,2
DA:3,2
DA:5,2
DA:8,2
DA:9,0
DA:10,0
DA:12,0
DA:16,2
DA:17,0
DA:18,0
DA:19,0
DA:23,0
DA:28,0
DA:29,0
DA:32,0
DA:34,0
DA:35,0
DA:40,2
DA:41,0
DA:42,0
DA:43,0
DA:47,0
DA:51,0
DA:53,0
DA:54,0
DA:59,2
DA:60,0
DA:61,0
DA:62,0
DA:66,0
DA:70,0
DA:71,0
DA:74,0
DA:76,0
DA:77,0
DA:81,2
LF:37
LH:9
BRDA:9,0,0,0
BRDA:9,1,0,0
BRDA:9,1,1,0
BRDA:18,2,0,0
BRDA:28,3,0,0
BRDA:42,4,0,0
BRDA:61,5,0,0
BRDA:70,6,0,0
BRF:8
BRH:0
end_of_record
TN:
SF:src\routes\orderRoutes.ts
FN:13,(anonymous_8)
FN:13,(anonymous_9)
FN:18,(anonymous_10)
FN:18,(anonymous_11)
FN:23,(anonymous_12)
FN:23,(anonymous_13)
FN:28,(anonymous_14)
FN:28,(anonymous_15)
FN:33,(anonymous_16)
FN:33,(anonymous_17)
FNF:10
FNH:0
FNDA:0,(anonymous_8)
FNDA:0,(anonymous_9)
FNDA:0,(anonymous_10)
FNDA:0,(anonymous_11)
FNDA:0,(anonymous_12)
FNDA:0,(anonymous_13)
FNDA:0,(anonymous_14)
FNDA:0,(anonymous_15)
FNDA:0,(anonymous_16)
FNDA:0,(anonymous_17)
DA:1,2
DA:2,2
DA:10,2
DA:13,2
DA:14,0
DA:18,2
DA:19,0
DA:23,2
DA:24,0
DA:28,2
DA:29,0
DA:33,2
DA:34,0
DA:37,2
LF:14
LH:9
BRF:0
BRH:0
end_of_record
TN:
SF:src\routes\productReviewRoutes.ts
FNF:0
FNH:0
DA:1,2
DA:2,2
DA:4,2
DA:7,2
DA:10,2
DA:12,2
LF:6
LH:6
BRF:0
BRH:0
end_of_record
TN:
SF:src\routes\productRoutes.ts
FNF:0
FNH:0
DA:1,2
DA:2,2
DA:5,2
DA:8,2
DA:9,2
DA:12,2
LF:6
LH:6
BRF:0
BRH:0
end_of_record
TN:
SF:src\routes\reviewRoutes.ts
FNF:0
FNH:0
DA:1,2
DA:2,2
DA:4,2
DA:7,2
DA:10,2
DA:12,2
LF:6
LH:6
BRF:0
BRH:0
end_of_record
TN:
SF:src\routes\storeRoutes.ts
FNF:0
FNH:0
DA:1,2
DA:2,2
DA:4,2
DA:6,2
DA:7,2
DA:9,2
LF:6
LH:6
BRF:0
BRH:0
end_of_record
TN:
SF:src\routes\userRoutes.ts
FNF:0
FNH:0
DA:1,2
DA:2,2
DA:3,2
DA:4,2
DA:5,2
DA:6,2
DA:9,2
DA:12,2
DA:13,2
DA:14,2
DA:17,2
DA:18,2
DA:19,2
DA:22,2
DA:23,2
DA:24,2
DA:26,2
LF:17
LH:17
BRF:0
BRH:0
end_of_record
TN:
SF:src\routes\vendorRoutes.ts
FN:18,(anonymous_8)
FN:26,(anonymous_9)
FN:26,(anonymous_10)
FN:49,(anonymous_11)
FN:49,(anonymous_12)
FNF:5
FNH:0
FNDA:0,(anonymous_8)
FNDA:0,(anonymous_9)
FNDA:0,(anonymous_10)
FNDA:0,(anonymous_11)
FNDA:0,(anonymous_12)
DA:1,2
DA:2,2
DA:3,2
DA:15,2
DA:18,2
DA:19,0
DA:20,0
DA:22,0
DA:26,2
DA:27,0
DA:28,0
DA:29,0
DA:32,0
DA:37,0
DA:38,0
DA:41,0
DA:43,0
DA:44,0
DA:49,2
DA:50,0
DA:52,0
DA:53,0
DA:56,0
DA:57,0
DA:60,0
DA:61,0
DA:62,0
DA:65,0
DA:75,0
DA:77,0
DA:78,0
DA:82,2
LF:32
LH:8
BRDA:19,0,0,0
BRDA:19,1,0,0
BRDA:19,1,1,0
BRDA:28,2,0,0
BRDA:37,3,0,0
BRDA:52,4,0,0
BRDA:52,5,0,0
BRDA:52,5,1,0
BRDA:52,5,2,0
BRDA:52,5,3,0
BRDA:56,6,0,0
BRDA:61,7,0,0
BRF:12
BRH:0
end_of_record
TN:
SF:src\routes\wishlistRoutes.ts
FN:7,(anonymous_0)
FN:13,(anonymous_1)
FN:20,(anonymous_2)
FNF:3
FNH:0
FNDA:0,(anonymous_0)
FNDA:0,(anonymous_1)
FNDA:0,(anonymous_2)
DA:1,2
DA:4,2
DA:7,2
DA:9,0
DA:13,2
DA:14,0
DA:16,0
DA:20,2
DA:21,0
DA:23,0
DA:26,2
LF:11
LH:6
BRF:0
BRH:0
end_of_record
